2025-06-20 05:58:18,059 [INFO] Activator:176 - 


2025-06-20 05:58:18,066 [INFO] Activator:177 - !SESSION log4j initialized
2025-06-20 05:58:24,925 [INFO] LogOutputStream:77 - [STDOUT_REDIRECT] 
2025-06-20 05:58:26,354 [INFO] ApplicationProperties:184 - Using Application install path: D:\STM32CubeIDE_1.17.0\STM32CubeIDE\plugins\com.st.stm32cube.common.mx_6.13.0.202411220809
2025-06-20 05:58:26,370 [INFO] DbMcusXml:78 - Set database path to: D:\STM32CubeIDE_1.17.0\STM32CubeIDE\plugins\com.st.stm32cube.common.mx_6.13.0.202411220809\\db\/mcu/
2025-06-20 05:58:26,370 [INFO] ApiDb:274 - Set plugin database path to: D:\STM32CubeIDE_1.17.0\STM32CubeIDE\plugins\com.st.stm32cube.common.mx_6.13.0.202411220809\\db\/plugins/boardmanager/
2025-06-20 05:58:26,370 [WARN] ApiDb:259 - Overriding images path with different value:  => D:\STM32CubeIDE_1.17.0\STM32CubeIDE\plugins\com.st.stm32cube.common.mx_6.13.0.202411220809\\db\/plugins/mcufinder/images/
2025-06-20 05:58:26,386 [INFO] ApiDb:250 - Set database path to: C:\Users\DELL\.stmcufinder\plugins\mcufinder//mcu/
2025-06-20 05:58:26,386 [INFO] DbMcusAds:125 - Set database path to: C:\Users\DELL\.stmcufinder\plugins\mcufinder//mcu/
2025-06-20 05:58:26,386 [INFO] CrossReferenceDbSqlite:203 - Set database path to: C:\Users\DELL\.stmcufinder\plugins\mcufinder//mcu/cs/
2025-06-20 05:58:26,495 [INFO] RulesReader:64 - Compatibility file has been processed (297 Rules)
2025-06-20 05:58:26,573 [INFO] DbMcusXml:78 - Set database path to: D:\STM32CubeIDE_1.17.0\STM32CubeIDE\plugins\com.st.stm32cube.common.mx_6.13.0.202411220809\\db\/mcu/
2025-06-20 05:58:26,573 [INFO] ApiDb:274 - Set plugin database path to: D:\STM32CubeIDE_1.17.0\STM32CubeIDE\plugins\com.st.stm32cube.common.mx_6.13.0.202411220809\\db\/plugins/boardmanager/
2025-06-20 05:58:26,573 [INFO] ApiDb:261 - Set plugin images path to: D:\STM32CubeIDE_1.17.0\STM32CubeIDE\plugins\com.st.stm32cube.common.mx_6.13.0.202411220809\\db\/plugins/mcufinder/images/
2025-06-20 05:58:26,573 [WARN] DbFile:41 - Overriding database path with different value: C:\Users\DELL\.stmcufinder\plugins\mcufinder/ => C:\Users\DELL\.stmcufinder\plugins\mcufinder
2025-06-20 05:58:26,573 [INFO] ApiDb:250 - Set database path to: C:\Users\DELL\.stmcufinder\plugins\mcufinder//mcu/
2025-06-20 05:58:26,573 [WARN] DbFile:41 - Overriding database path with different value: C:\Users\DELL\.stmcufinder\plugins\mcufinder/ => C:\Users\DELL\.stmcufinder\plugins\mcufinder
2025-06-20 05:58:26,573 [INFO] DbMcusAds:125 - Set database path to: C:\Users\DELL\.stmcufinder\plugins\mcufinder//mcu/
2025-06-20 05:58:26,573 [WARN] DbFile:41 - Overriding database path with different value: C:\Users\DELL\.stmcufinder\plugins\mcufinder/ => C:\Users\DELL\.stmcufinder\plugins\mcufinder
2025-06-20 05:58:26,573 [WARN] DbFile:41 - Overriding database path with different value: C:\Users\DELL\.stmcufinder\plugins\mcufinder/ => C:\Users\DELL\.stmcufinder\plugins\mcufinder
2025-06-20 05:58:26,573 [INFO] CrossReferenceDbSqlite:203 - Set database path to: C:\Users\DELL\.stmcufinder\plugins\mcufinder//mcu/cs/
2025-06-20 05:58:26,636 [INFO] MainPanel:272 - HeapMemory: 268435456
2025-06-20 05:58:26,729 [INFO] DbMcusXml:78 - Set database path to: D:\STM32CubeIDE_1.17.0\STM32CubeIDE\plugins\com.st.stm32cube.common.mx_6.13.0.202411220809\\db\/mcu/
2025-06-20 05:58:26,729 [INFO] ApiDb:274 - Set plugin database path to: D:\STM32CubeIDE_1.17.0\STM32CubeIDE\plugins\com.st.stm32cube.common.mx_6.13.0.202411220809\\db\/plugins/boardmanager/
2025-06-20 05:58:26,729 [INFO] ApiDb:261 - Set plugin images path to: D:\STM32CubeIDE_1.17.0\STM32CubeIDE\plugins\com.st.stm32cube.common.mx_6.13.0.202411220809\\db\/plugins/mcufinder/images/
2025-06-20 05:58:26,729 [WARN] DbFile:41 - Overriding database path with different value: C:\Users\DELL\.stmcufinder\plugins\mcufinder/ => C:\Users\DELL\.stmcufinder\plugins\mcufinder
2025-06-20 05:58:26,729 [INFO] ApiDb:250 - Set database path to: C:\Users\DELL\.stmcufinder\plugins\mcufinder//mcu/
2025-06-20 05:58:26,729 [WARN] DbFile:41 - Overriding database path with different value: C:\Users\DELL\.stmcufinder\plugins\mcufinder/ => C:\Users\DELL\.stmcufinder\plugins\mcufinder
2025-06-20 05:58:26,729 [INFO] DbMcusAds:125 - Set database path to: C:\Users\DELL\.stmcufinder\plugins\mcufinder//mcu/
2025-06-20 05:58:26,729 [WARN] DbFile:41 - Overriding database path with different value: C:\Users\DELL\.stmcufinder\plugins\mcufinder/ => C:\Users\DELL\.stmcufinder\plugins\mcufinder
2025-06-20 05:58:26,729 [WARN] DbFile:41 - Overriding database path with different value: C:\Users\DELL\.stmcufinder\plugins\mcufinder/ => C:\Users\DELL\.stmcufinder\plugins\mcufinder
2025-06-20 05:58:26,729 [INFO] CrossReferenceDbSqlite:203 - Set database path to: C:\Users\DELL\.stmcufinder\plugins\mcufinder//mcu/cs/
2025-06-20 05:58:26,745 [INFO] ApplicationProperties:184 - Using Application install path: D:\STM32CubeIDE_1.17.0\STM32CubeIDE\plugins\com.st.stm32cube.common.mx_6.13.0.202411220809
2025-06-20 05:58:26,745 [INFO] PluginManage:196 - Search for loadable plugins [exclusion list=, ]
2025-06-20 05:58:26,745 [INFO] PluginManage:310 - Check plugin analytics
2025-06-20 05:58:26,964 [INFO] AnalyticsPlugin:253 - Accepted Software Licenses: 
2025-06-20 05:58:26,964 [INFO] AnalyticsPlugin:255 - Accepted CMSIS Pack Licenses: 
2025-06-20 05:58:26,964 [INFO] AnalyticsPlugin:257 - Accepted Firmware Licenses: FW.F4.1.28.0,FW.H5.1.4.0
2025-06-20 05:58:26,964 [INFO] PluginManage:359 - Loaded plugin analytics (category:tool,tabindex:-1)
2025-06-20 05:58:26,964 [INFO] PluginManage:310 - Check plugin cadmodel
2025-06-20 05:58:26,995 [INFO] CADModel:105 - Init CAD model plugin
2025-06-20 05:58:26,995 [INFO] PluginManage:359 - Loaded plugin cadmodel (category:power,tabindex:5)
2025-06-20 05:58:26,995 [INFO] PluginManage:310 - Check plugin clock
2025-06-20 05:58:27,011 [INFO] PluginManage:359 - Loaded plugin clock (category:base,tabindex:2)
2025-06-20 05:58:27,011 [INFO] PluginManage:310 - Check plugin ddr
2025-06-20 05:58:27,026 [INFO] PluginManage:359 - Loaded plugin ddr (category:tool,tabindex:6)
2025-06-20 05:58:27,026 [INFO] PluginManage:310 - Check plugin filemanager
2025-06-20 05:58:27,176 [INFO] PluginManage:359 - Loaded plugin filemanager (category:base,tabindex:10)
2025-06-20 05:58:27,176 [INFO] PluginManage:310 - Check plugin ipmanager
2025-06-20 05:58:27,176 [INFO] PluginManage:359 - Loaded plugin ipmanager (category:base,tabindex:5)
2025-06-20 05:58:27,176 [INFO] PluginManage:310 - Check plugin lpbam
2025-06-20 05:58:27,192 [INFO] PluginManage:359 - Loaded plugin lpbam (category:base,tabindex:0)
2025-06-20 05:58:27,192 [INFO] PluginManage:310 - Check plugin memorymap
2025-06-20 05:58:27,207 [INFO] PluginManage:359 - Loaded plugin memorymap (category:base,tabindex:4)
2025-06-20 05:58:27,207 [INFO] PluginManage:310 - Check plugin pinoutandconfiguration
2025-06-20 05:58:27,223 [INFO] PluginManage:359 - Loaded plugin pinoutandconfiguration (category:base,tabindex:1)
2025-06-20 05:58:27,223 [INFO] PluginManage:310 - Check plugin pinoutconfig
2025-06-20 05:58:27,333 [WARN] SupportedApi:132 - Cannot load RTOS API schema: s4s-elt-must-match.1: The content of 'definitions' must match (annotation?, (simpleType | complexType)?, (unique | key | keyref)*)). A problem was found starting at: attribute.
2025-06-20 05:58:27,411 [ERROR] ConfigurationRetriever:142 - IOException on connection: Connect timed out
2025-06-20 05:58:27,458 [INFO] PluginManage:359 - Loaded plugin pinoutconfig (category:base,tabindex:0)
2025-06-20 05:58:27,458 [INFO] PluginManage:310 - Check plugin power
2025-06-20 05:58:27,489 [INFO] PluginManage:359 - Loaded plugin power (category:power,tabindex:4)
2025-06-20 05:58:27,489 [INFO] PluginManage:310 - Check plugin projectmanager
2025-06-20 05:58:27,504 [INFO] PluginManage:359 - Loaded plugin projectmanager (category:projectmanager,tabindex:4)
2025-06-20 05:58:27,504 [INFO] PluginManage:310 - Check plugin rif
2025-06-20 05:58:27,520 [INFO] PluginManage:359 - Loaded plugin rif (category:base,tabindex:3)
2025-06-20 05:58:27,520 [INFO] PluginManage:310 - Check plugin thirdparty
2025-06-20 05:58:27,852 [INFO] PluginManage:359 - Loaded plugin thirdparty (category:base,tabindex:-1)
2025-06-20 05:58:27,852 [WARN] IntegrityCheckThread:84 - waiting for thirdparty lock release [integrity check]
2025-06-20 05:58:27,857 [INFO] PluginManage:310 - Check plugin tools
2025-06-20 05:58:27,857 [INFO] IntegrityCheckThread:86 - entering critical section [integrity check]
2025-06-20 05:58:27,857 [INFO] ThirdPartyUpdaterWithRetryManager:70 - Updater plugin not ready yet. [1/15]
2025-06-20 05:58:27,888 [INFO] PluginManage:359 - Loaded plugin tools (category:base,tabindex:7)
2025-06-20 05:58:27,888 [INFO] PluginManage:310 - Check plugin tutovideos
2025-06-20 05:58:28,076 [INFO] PluginManage:359 - Loaded plugin tutovideos (category:base,tabindex:-1)
2025-06-20 05:58:28,076 [INFO] PluginManage:310 - Check plugin updater
2025-06-20 05:58:28,091 [INFO] PluginManage:359 - Loaded plugin updater (category:base,tabindex:12)
2025-06-20 05:58:28,091 [INFO] PluginManage:310 - Check plugin userauth
2025-06-20 05:58:28,091 [INFO] UserAuth:118 - Init User Auth plugin
2025-06-20 05:58:28,091 [INFO] PluginManage:359 - Loaded plugin userauth (category:base,tabindex:14)
2025-06-20 05:58:28,091 [INFO] PluginManage:283 - PluginManage : Loaded plugins [18]
2025-06-20 05:58:28,299 [INFO] PinOutPanel:1589 - setPackage(No Configuration,No Configuration)
2025-06-20 05:58:28,393 [INFO] CADModel:165 - CPN selected for project level
2025-06-20 05:58:28,393 [INFO] CADModel:114 - Register for checkConnection events
2025-06-20 05:58:28,424 [INFO] IPUIPlugin:80 - create IPUIPlugin
2025-06-20 05:58:28,424 [INFO] PluginManager:220 - loadIPPluginJar : add adc
2025-06-20 05:58:28,487 [INFO] IPUIPlugin:80 - create IPUIPlugin
2025-06-20 05:58:28,487 [INFO] PluginManager:220 - loadIPPluginJar : add aes
2025-06-20 05:58:28,534 [INFO] IPUIPlugin:80 - create IPUIPlugin
2025-06-20 05:58:28,534 [INFO] PluginManager:220 - loadIPPluginJar : add can
2025-06-20 05:58:28,549 [INFO] IPUIPlugin:80 - create IPUIPlugin
2025-06-20 05:58:28,565 [INFO] PluginManager:220 - loadIPPluginJar : add comp
2025-06-20 05:58:28,596 [INFO] IPUIPlugin:80 - create IPUIPlugin
2025-06-20 05:58:28,596 [INFO] PluginManager:220 - loadIPPluginJar : add cryp
2025-06-20 05:58:28,596 [INFO] IPUIPlugin:80 - create IPUIPlugin
2025-06-20 05:58:28,596 [INFO] PluginManager:220 - loadIPPluginJar : add ddr_ctrl_phy
2025-06-20 05:58:28,628 [INFO] IPUIPlugin:80 - create IPUIPlugin
2025-06-20 05:58:28,628 [INFO] PluginManager:220 - loadIPPluginJar : add dfsdm
2025-06-20 05:58:28,643 [INFO] IPUIPlugin:80 - create IPUIPlugin
2025-06-20 05:58:28,643 [INFO] PluginManager:220 - loadIPPluginJar : add dma
2025-06-20 05:58:28,690 [INFO] IPUIPlugin:80 - create IPUIPlugin
2025-06-20 05:58:28,690 [INFO] PluginManager:220 - loadIPPluginJar : add dma3
2025-06-20 05:58:28,737 [INFO] IPUIPlugin:80 - create IPUIPlugin
2025-06-20 05:58:28,737 [INFO] PluginManager:220 - loadIPPluginJar : add extmemmanager
2025-06-20 05:58:28,768 [INFO] IPUIPlugin:80 - create IPUIPlugin
2025-06-20 05:58:28,768 [INFO] PluginManager:220 - loadIPPluginJar : add fatfs
2025-06-20 05:58:28,839 [INFO] IPUIPlugin:80 - create IPUIPlugin
2025-06-20 05:58:28,839 [INFO] PluginManager:220 - loadIPPluginJar : add fmc
2025-06-20 05:58:28,871 [INFO] IPUIPlugin:80 - create IPUIPlugin
2025-06-20 05:58:28,871 [INFO] PluginManager:220 - loadIPPluginJar : add freertos
2025-06-20 05:58:28,914 [INFO] IPUIPlugin:80 - create IPUIPlugin
2025-06-20 05:58:28,914 [INFO] PluginManager:220 - loadIPPluginJar : add genericplugin
2025-06-20 05:58:29,039 [INFO] IPUIPlugin:80 - create IPUIPlugin
2025-06-20 05:58:29,039 [INFO] PluginManager:220 - loadIPPluginJar : add gfxmmu
2025-06-20 05:58:29,196 [INFO] IPUIPlugin:80 - create IPUIPlugin
2025-06-20 05:58:29,196 [INFO] PluginManager:220 - loadIPPluginJar : add gic
2025-06-20 05:58:29,211 [INFO] IPUIPlugin:80 - create IPUIPlugin
2025-06-20 05:58:29,211 [INFO] PluginManager:220 - loadIPPluginJar : add gpio
2025-06-20 05:58:29,308 [INFO] IPUIPlugin:80 - create IPUIPlugin
2025-06-20 05:58:29,308 [INFO] PluginManager:220 - loadIPPluginJar : add gtzc
2025-06-20 05:58:29,339 [INFO] IPUIPlugin:80 - create IPUIPlugin
2025-06-20 05:58:29,339 [INFO] PluginManager:220 - loadIPPluginJar : add hash
2025-06-20 05:58:29,401 [INFO] IPUIPlugin:80 - create IPUIPlugin
2025-06-20 05:58:29,401 [INFO] PluginManager:220 - loadIPPluginJar : add i2c
2025-06-20 05:58:29,417 [ERROR] ConfigurationRetriever:142 - IOException on connection: Connect timed out
2025-06-20 05:58:29,448 [INFO] IPUIPlugin:80 - create IPUIPlugin
2025-06-20 05:58:29,448 [INFO] PluginManager:220 - loadIPPluginJar : add i2s
2025-06-20 05:58:29,479 [INFO] IPUIPlugin:80 - create IPUIPlugin
2025-06-20 05:58:29,479 [INFO] PluginManager:220 - loadIPPluginJar : add i3c
2025-06-20 05:58:29,573 [INFO] IPUIPlugin:80 - create IPUIPlugin
2025-06-20 05:58:29,573 [INFO] PluginManager:220 - loadIPPluginJar : add ipddr
2025-06-20 05:58:29,667 [INFO] IPUIPlugin:80 - create IPUIPlugin
2025-06-20 05:58:29,667 [INFO] PluginManager:220 - loadIPPluginJar : add linkedlist
2025-06-20 05:58:29,698 [INFO] IPUIPlugin:80 - create IPUIPlugin
2025-06-20 05:58:29,698 [INFO] PluginManager:220 - loadIPPluginJar : add lorawan
2025-06-20 05:58:29,745 [INFO] IPUIPlugin:80 - create IPUIPlugin
2025-06-20 05:58:29,745 [INFO] PluginManager:220 - loadIPPluginJar : add ltdc
2025-06-20 05:58:29,761 [INFO] IPUIPlugin:80 - create IPUIPlugin
2025-06-20 05:58:29,761 [INFO] PluginManager:220 - loadIPPluginJar : add mdma
2025-06-20 05:58:29,776 [INFO] IPUIPlugin:80 - create IPUIPlugin
2025-06-20 05:58:29,776 [INFO] PluginManager:220 - loadIPPluginJar : add nvic
2025-06-20 05:58:29,808 [INFO] IPUIPlugin:80 - create IPUIPlugin
2025-06-20 05:58:29,808 [INFO] PluginManager:220 - loadIPPluginJar : add opamp
2025-06-20 05:58:29,870 [INFO] IPUIPlugin:80 - create IPUIPlugin
2025-06-20 05:58:29,870 [INFO] PluginManager:220 - loadIPPluginJar : add openamp
2025-06-20 05:58:29,917 [INFO] IPUIPlugin:80 - create IPUIPlugin
2025-06-20 05:58:29,917 [INFO] PluginManager:220 - loadIPPluginJar : add pdm2pcm
2025-06-20 05:58:29,917 [INFO] IPUIPlugin:80 - create IPUIPlugin
2025-06-20 05:58:29,932 [INFO] PluginManager:220 - loadIPPluginJar : add plateformsettings
2025-06-20 05:58:29,948 [INFO] IPUIPlugin:80 - create IPUIPlugin
2025-06-20 05:58:29,948 [INFO] PluginManager:220 - loadIPPluginJar : add quadspi
2025-06-20 05:58:29,979 [INFO] IPUIPlugin:80 - create IPUIPlugin
2025-06-20 05:58:29,979 [INFO] PluginManager:220 - loadIPPluginJar : add radio
2025-06-20 05:58:29,979 [INFO] IPUIPlugin:80 - create IPUIPlugin
2025-06-20 05:58:29,979 [INFO] PluginManager:220 - loadIPPluginJar : add resmgrutility
2025-06-20 05:58:30,026 [INFO] IPUIPlugin:80 - create IPUIPlugin
2025-06-20 05:58:30,026 [INFO] PluginManager:220 - loadIPPluginJar : add sai
2025-06-20 05:58:30,073 [INFO] IPUIPlugin:80 - create IPUIPlugin
2025-06-20 05:58:30,073 [INFO] PluginManager:220 - loadIPPluginJar : add spi
2025-06-20 05:58:30,136 [INFO] IPUIPlugin:80 - create IPUIPlugin
2025-06-20 05:58:30,136 [INFO] PluginManager:220 - loadIPPluginJar : add stm32_wpan
2025-06-20 05:58:30,151 [INFO] IPUIPlugin:80 - create IPUIPlugin
2025-06-20 05:58:30,151 [INFO] PluginManager:220 - loadIPPluginJar : add tim
2025-06-20 05:58:30,198 [INFO] IPUIPlugin:80 - create IPUIPlugin
2025-06-20 05:58:30,198 [INFO] PluginManager:220 - loadIPPluginJar : add touchsensing
2025-06-20 05:58:30,229 [INFO] IPUIPlugin:80 - create IPUIPlugin
2025-06-20 05:58:30,229 [INFO] PluginManager:220 - loadIPPluginJar : add tracer_emb
2025-06-20 05:58:30,261 [INFO] IPUIPlugin:80 - create IPUIPlugin
2025-06-20 05:58:30,261 [INFO] PluginManager:220 - loadIPPluginJar : add ts
2025-06-20 05:58:30,276 [INFO] IPUIPlugin:80 - create IPUIPlugin
2025-06-20 05:58:30,276 [INFO] PluginManager:220 - loadIPPluginJar : add tsc
2025-06-20 05:58:30,307 [INFO] IPUIPlugin:80 - create IPUIPlugin
2025-06-20 05:58:30,307 [INFO] PluginManager:220 - loadIPPluginJar : add ucpd
2025-06-20 05:58:30,339 [INFO] IPUIPlugin:80 - create IPUIPlugin
2025-06-20 05:58:30,339 [INFO] PluginManager:220 - loadIPPluginJar : add usart
2025-06-20 05:58:30,386 [INFO] IPUIPlugin:80 - create IPUIPlugin
2025-06-20 05:58:30,386 [INFO] PluginManager:220 - loadIPPluginJar : add usbx
2025-06-20 05:58:30,508 [FATAL] Updater:351 - Updater called before beeing initialized
2025-06-20 05:58:30,523 [INFO] RulesReader:64 - Compatibility file has been processed (297 Rules)
2025-06-20 05:58:30,539 [INFO] RulesReader:64 - Compatibility file has been processed (297 Rules)
2025-06-20 05:58:30,555 [INFO] CADModel:165 - CPN selected for project level
2025-06-20 05:58:30,555 [INFO] CADModel:114 - Register for checkConnection events
2025-06-20 05:58:30,555 [FATAL] Updater:351 - Updater called before beeing initialized
2025-06-20 05:58:30,555 [ERROR] CADModel:125 - Updater not yet initialized, retry later 
2025-06-20 05:58:30,748 [FATAL] Updater:351 - Updater called before beeing initialized
2025-06-20 05:58:30,750 [INFO] CADModel:165 - CPN selected for project level
2025-06-20 05:58:30,750 [INFO] CADModel:114 - Register for checkConnection events
2025-06-20 05:58:30,750 [FATAL] Updater:351 - Updater called before beeing initialized
2025-06-20 05:58:30,750 [ERROR] CADModel:125 - Updater not yet initialized, retry later 
2025-06-20 05:58:30,753 [FATAL] Updater:351 - Updater called before beeing initialized
2025-06-20 05:58:30,833 [FATAL] Updater:351 - Updater called before beeing initialized
2025-06-20 05:58:30,848 [INFO] DbMcusAds:53 - JSON generation date=Wed May 07 16:07:55 ICT 2025 (1746608875484)
2025-06-20 05:58:30,848 [FATAL] Updater:351 - Updater called before beeing initialized
2025-06-20 05:58:30,864 [INFO] ThirdPartyUpdaterWithRetryManager:70 - Updater plugin not ready yet. [2/15]
2025-06-20 05:58:30,927 [WARN] DetailPanel:346 - Failed to get advertising image, set to default
2025-06-20 05:58:31,098 [FATAL] Updater:351 - Updater called before beeing initialized
2025-06-20 05:58:31,098 [FATAL] Updater:351 - Updater called before beeing initialized
2025-06-20 05:58:31,098 [FATAL] Updater:351 - Updater called before beeing initialized
2025-06-20 05:58:31,098 [WARN] DetailPanel:346 - Failed to get advertising image, set to default
2025-06-20 05:58:31,098 [FATAL] Updater:351 - Updater called before beeing initialized
2025-06-20 05:58:31,169 [ERROR] Updater:1198 - MainUpdater not yet initialized. External WinMGr cannot be set.
2025-06-20 05:58:31,185 [INFO] Updater:1134 - Updater Version found : 6.13.0
2025-06-20 05:58:31,200 [INFO] ApplicationProperties:184 - Using Application install path: D:\STM32CubeIDE_1.17.0\STM32CubeIDE\plugins\com.st.stm32cube.common.mx_6.13.0.202411220809
2025-06-20 05:58:31,419 [ERROR] ConfigurationRetriever:142 - IOException on connection: Connect timed out
2025-06-20 05:58:31,988 [ERROR] ConfigurationRetriever:142 - IOException on connection: Connect timed out
2025-06-20 05:58:32,816 [ERROR] LogOutputStream:75 - [STDERR_REDIRECT] Jun 20, 2025 5:58:32 AM java.util.prefs.WindowsPreferences <init>
2025-06-20 05:58:32,816 [ERROR] LogOutputStream:75 - [STDERR_REDIRECT] WARNING: Could not open/create prefs root node Software\JavaSoft\Prefs at root 0xffffffff80000002. Windows RegCreateKeyEx(...) returned error code 5.
2025-06-20 05:58:32,816 [ERROR] LogOutputStream:75 - [STDERR_REDIRECT] 
2025-06-20 05:58:33,879 [FATAL] Updater:351 - Updater called before beeing initialized
2025-06-20 05:58:33,879 [ERROR] IntegrityCheckThread:130 - Cannot retrieve database content from updater: error 21
2025-06-20 05:58:33,879 [INFO] ThirdParty:978 - Integrity check success = false
2025-06-20 05:58:33,879 [INFO] IntegrityCheckThread:100 - exiting critical section [integrity check]
2025-06-20 05:58:33,879 [INFO] IntegrityCheckThread:103 - End integrity checks thread
2025-06-20 05:58:37,317 [INFO] MainUpdater:2872 - connection check result : 10
2025-06-20 05:58:37,317 [INFO] MainUpdater:289 - Updater Check For Update Now.
2025-06-20 05:58:37,317 [INFO] MicroXplorer:498 - Change Database Version : DB.6.0.130
2025-06-20 05:58:37,332 [INFO] McuFinderGlobals:63 - Set McuFinder mode to 2 (CubeIDE integrated)
2025-06-20 05:58:37,332 [INFO] UserAuth:486 - Internet connection configuration mode: 1
2025-06-20 05:58:37,380 [INFO] JxBrowserEngine:152 - Initiate JxBrowser Engine with user profile folder
2025-06-20 05:58:37,522 [INFO] CheckServerUpdateThread:120 - End of CheckServer Thread
2025-06-20 05:58:38,714 [INFO] WebApp:168 - Instantiating new browser for Auth
2025-06-20 05:58:39,768 [INFO] WebApp:449 - Apply proxy settings
2025-06-20 05:58:39,768 [INFO] WebApp:534 - Chromium requires no authentication
2025-06-20 05:58:39,876 [INFO] WebApp:477 - Direct internet connection detected
2025-06-20 05:58:39,950 [INFO] WebApp:880 - Register for checkConnection events
2025-06-20 05:58:39,950 [INFO] WebApp:449 - Apply proxy settings
2025-06-20 05:58:39,950 [INFO] WebApp:534 - Chromium requires no authentication
2025-06-20 05:58:39,950 [INFO] WebApp:477 - Direct internet connection detected
2025-06-20 05:58:40,152 [INFO] WebApp:187 - Connection restablished
2025-06-20 05:58:40,331 [INFO] WebApp:221 - Starting web application
2025-06-20 05:58:40,331 [INFO] WebApp:579 - Web application path used D:\STM32CubeIDE_1.17.0\STM32CubeIDE\plugins\com.st.stm32cube.common.mx_6.13.0.202411220809\db\plugins\mcufinder\reactClient1\index.html
2025-06-20 05:58:40,636 [INFO] UserAuth:486 - Internet connection configuration mode: 1
2025-06-20 06:18:40,660 [INFO] WebApp:190 - Connection lost
2025-06-20 06:18:40,956 [INFO] WebApp:187 - Connection restablished
2025-06-20 06:18:52,461 [INFO] WebApp:190 - Connection lost
2025-06-20 06:18:52,611 [INFO] WebApp:187 - Connection restablished
2025-06-20 06:28:47,954 [INFO] WebApp:190 - Connection lost
2025-06-20 06:28:48,103 [INFO] WebApp:187 - Connection restablished
2025-06-20 06:28:56,448 [INFO] WebApp:190 - Connection lost
2025-06-20 06:28:56,570 [INFO] WebApp:187 - Connection restablished
2025-06-20 06:28:59,963 [INFO] WebApp:190 - Connection lost
2025-06-20 06:29:00,080 [INFO] WebApp:187 - Connection restablished
2025-06-20 06:29:08,459 [INFO] WebApp:190 - Connection lost
2025-06-20 06:29:08,596 [INFO] WebApp:187 - Connection restablished
2025-06-20 06:29:11,948 [INFO] WebApp:190 - Connection lost
2025-06-20 06:29:12,080 [INFO] WebApp:187 - Connection restablished
2025-06-20 06:29:23,451 [INFO] WebApp:190 - Connection lost
2025-06-20 06:29:23,610 [INFO] WebApp:187 - Connection restablished
2025-06-20 07:44:52,782 [INFO] WebApp:389 - JxBrowser engine has been closed 
2025-06-20 08:49:02,569 [INFO] Activator:176 - 


2025-06-20 08:49:02,569 [INFO] Activator:177 - !SESSION log4j initialized
2025-06-20 08:49:07,990 [INFO] LogOutputStream:77 - [STDOUT_REDIRECT] 
2025-06-20 08:49:09,811 [INFO] ApplicationProperties:184 - Using Application install path: D:\STM32CubeIDE_1.17.0\STM32CubeIDE\plugins\com.st.stm32cube.common.mx_6.13.0.202411220809
2025-06-20 08:49:09,828 [INFO] DbMcusXml:78 - Set database path to: D:\STM32CubeIDE_1.17.0\STM32CubeIDE\plugins\com.st.stm32cube.common.mx_6.13.0.202411220809\\db\/mcu/
2025-06-20 08:49:09,828 [INFO] ApiDb:274 - Set plugin database path to: D:\STM32CubeIDE_1.17.0\STM32CubeIDE\plugins\com.st.stm32cube.common.mx_6.13.0.202411220809\\db\/plugins/boardmanager/
2025-06-20 08:49:09,828 [WARN] ApiDb:259 - Overriding images path with different value:  => D:\STM32CubeIDE_1.17.0\STM32CubeIDE\plugins\com.st.stm32cube.common.mx_6.13.0.202411220809\\db\/plugins/mcufinder/images/
2025-06-20 08:49:09,835 [INFO] ApiDb:250 - Set database path to: C:\Users\DELL\.stmcufinder\plugins\mcufinder//mcu/
2025-06-20 08:49:09,836 [INFO] DbMcusAds:125 - Set database path to: C:\Users\DELL\.stmcufinder\plugins\mcufinder//mcu/
2025-06-20 08:49:10,413 [INFO] CrossReferenceDbSqlite:203 - Set database path to: C:\Users\DELL\.stmcufinder\plugins\mcufinder//mcu/cs/
2025-06-20 08:49:10,630 [INFO] RulesReader:64 - Compatibility file has been processed (297 Rules)
2025-06-20 08:49:10,793 [INFO] DbMcusXml:78 - Set database path to: D:\STM32CubeIDE_1.17.0\STM32CubeIDE\plugins\com.st.stm32cube.common.mx_6.13.0.202411220809\\db\/mcu/
2025-06-20 08:49:10,794 [INFO] ApiDb:274 - Set plugin database path to: D:\STM32CubeIDE_1.17.0\STM32CubeIDE\plugins\com.st.stm32cube.common.mx_6.13.0.202411220809\\db\/plugins/boardmanager/
2025-06-20 08:49:10,794 [INFO] ApiDb:261 - Set plugin images path to: D:\STM32CubeIDE_1.17.0\STM32CubeIDE\plugins\com.st.stm32cube.common.mx_6.13.0.202411220809\\db\/plugins/mcufinder/images/
2025-06-20 08:49:10,794 [WARN] DbFile:41 - Overriding database path with different value: C:\Users\DELL\.stmcufinder\plugins\mcufinder/ => C:\Users\DELL\.stmcufinder\plugins\mcufinder
2025-06-20 08:49:10,794 [INFO] ApiDb:250 - Set database path to: C:\Users\DELL\.stmcufinder\plugins\mcufinder//mcu/
2025-06-20 08:49:10,795 [WARN] DbFile:41 - Overriding database path with different value: C:\Users\DELL\.stmcufinder\plugins\mcufinder/ => C:\Users\DELL\.stmcufinder\plugins\mcufinder
2025-06-20 08:49:10,795 [INFO] DbMcusAds:125 - Set database path to: C:\Users\DELL\.stmcufinder\plugins\mcufinder//mcu/
2025-06-20 08:49:10,795 [WARN] DbFile:41 - Overriding database path with different value: C:\Users\DELL\.stmcufinder\plugins\mcufinder/ => C:\Users\DELL\.stmcufinder\plugins\mcufinder
2025-06-20 08:49:10,795 [WARN] DbFile:41 - Overriding database path with different value: C:\Users\DELL\.stmcufinder\plugins\mcufinder/ => C:\Users\DELL\.stmcufinder\plugins\mcufinder
2025-06-20 08:49:11,407 [INFO] CrossReferenceDbSqlite:203 - Set database path to: C:\Users\DELL\.stmcufinder\plugins\mcufinder//mcu/cs/
2025-06-20 08:49:11,485 [INFO] MainPanel:272 - HeapMemory: 268435456
2025-06-20 08:49:11,610 [INFO] DbMcusXml:78 - Set database path to: D:\STM32CubeIDE_1.17.0\STM32CubeIDE\plugins\com.st.stm32cube.common.mx_6.13.0.202411220809\\db\/mcu/
2025-06-20 08:49:11,611 [INFO] ApiDb:274 - Set plugin database path to: D:\STM32CubeIDE_1.17.0\STM32CubeIDE\plugins\com.st.stm32cube.common.mx_6.13.0.202411220809\\db\/plugins/boardmanager/
2025-06-20 08:49:11,611 [INFO] ApiDb:261 - Set plugin images path to: D:\STM32CubeIDE_1.17.0\STM32CubeIDE\plugins\com.st.stm32cube.common.mx_6.13.0.202411220809\\db\/plugins/mcufinder/images/
2025-06-20 08:49:11,611 [WARN] DbFile:41 - Overriding database path with different value: C:\Users\DELL\.stmcufinder\plugins\mcufinder/ => C:\Users\DELL\.stmcufinder\plugins\mcufinder
2025-06-20 08:49:11,611 [INFO] ApiDb:250 - Set database path to: C:\Users\DELL\.stmcufinder\plugins\mcufinder//mcu/
2025-06-20 08:49:11,611 [WARN] DbFile:41 - Overriding database path with different value: C:\Users\DELL\.stmcufinder\plugins\mcufinder/ => C:\Users\DELL\.stmcufinder\plugins\mcufinder
2025-06-20 08:49:11,611 [INFO] DbMcusAds:125 - Set database path to: C:\Users\DELL\.stmcufinder\plugins\mcufinder//mcu/
2025-06-20 08:49:11,611 [WARN] DbFile:41 - Overriding database path with different value: C:\Users\DELL\.stmcufinder\plugins\mcufinder/ => C:\Users\DELL\.stmcufinder\plugins\mcufinder
2025-06-20 08:49:11,611 [WARN] DbFile:41 - Overriding database path with different value: C:\Users\DELL\.stmcufinder\plugins\mcufinder/ => C:\Users\DELL\.stmcufinder\plugins\mcufinder
2025-06-20 08:49:12,401 [INFO] CrossReferenceDbSqlite:203 - Set database path to: C:\Users\DELL\.stmcufinder\plugins\mcufinder//mcu/cs/
2025-06-20 08:49:12,428 [INFO] ApplicationProperties:184 - Using Application install path: D:\STM32CubeIDE_1.17.0\STM32CubeIDE\plugins\com.st.stm32cube.common.mx_6.13.0.202411220809
2025-06-20 08:49:12,429 [INFO] PluginManage:196 - Search for loadable plugins [exclusion list=, ]
2025-06-20 08:49:12,431 [INFO] PluginManage:310 - Check plugin analytics
2025-06-20 08:49:13,490 [INFO] AnalyticsPlugin:253 - Accepted Software Licenses: 
2025-06-20 08:49:13,490 [INFO] AnalyticsPlugin:255 - Accepted CMSIS Pack Licenses: 
2025-06-20 08:49:13,491 [INFO] AnalyticsPlugin:257 - Accepted Firmware Licenses: FW.F4.1.28.0,FW.H5.1.4.0
2025-06-20 08:49:13,491 [INFO] PluginManage:359 - Loaded plugin analytics (category:tool,tabindex:-1)
2025-06-20 08:49:13,491 [INFO] PluginManage:310 - Check plugin cadmodel
2025-06-20 08:49:13,508 [INFO] CADModel:105 - Init CAD model plugin
2025-06-20 08:49:13,508 [INFO] PluginManage:359 - Loaded plugin cadmodel (category:power,tabindex:5)
2025-06-20 08:49:13,508 [INFO] PluginManage:310 - Check plugin clock
2025-06-20 08:49:13,526 [INFO] PluginManage:359 - Loaded plugin clock (category:base,tabindex:2)
2025-06-20 08:49:13,526 [INFO] PluginManage:310 - Check plugin ddr
2025-06-20 08:49:13,528 [INFO] PluginManage:359 - Loaded plugin ddr (category:tool,tabindex:6)
2025-06-20 08:49:13,528 [INFO] PluginManage:310 - Check plugin filemanager
2025-06-20 08:49:13,668 [INFO] PluginManage:359 - Loaded plugin filemanager (category:base,tabindex:10)
2025-06-20 08:49:13,668 [INFO] PluginManage:310 - Check plugin ipmanager
2025-06-20 08:49:13,673 [INFO] PluginManage:359 - Loaded plugin ipmanager (category:base,tabindex:5)
2025-06-20 08:49:13,673 [INFO] PluginManage:310 - Check plugin lpbam
2025-06-20 08:49:13,691 [INFO] PluginManage:359 - Loaded plugin lpbam (category:base,tabindex:0)
2025-06-20 08:49:13,691 [INFO] PluginManage:310 - Check plugin memorymap
2025-06-20 08:49:13,715 [INFO] PluginManage:359 - Loaded plugin memorymap (category:base,tabindex:4)
2025-06-20 08:49:13,715 [INFO] PluginManage:310 - Check plugin pinoutandconfiguration
2025-06-20 08:49:13,739 [INFO] PluginManage:359 - Loaded plugin pinoutandconfiguration (category:base,tabindex:1)
2025-06-20 08:49:13,739 [INFO] PluginManage:310 - Check plugin pinoutconfig
2025-06-20 08:49:13,835 [WARN] SupportedApi:132 - Cannot load RTOS API schema: s4s-elt-must-match.1: The content of 'definitions' must match (annotation?, (simpleType | complexType)?, (unique | key | keyref)*)). A problem was found starting at: attribute.
2025-06-20 08:49:14,038 [INFO] PluginManage:359 - Loaded plugin pinoutconfig (category:base,tabindex:0)
2025-06-20 08:49:14,038 [INFO] PluginManage:310 - Check plugin power
2025-06-20 08:49:14,061 [INFO] PluginManage:359 - Loaded plugin power (category:power,tabindex:4)
2025-06-20 08:49:14,061 [INFO] PluginManage:310 - Check plugin projectmanager
2025-06-20 08:49:14,077 [INFO] PluginManage:359 - Loaded plugin projectmanager (category:projectmanager,tabindex:4)
2025-06-20 08:49:14,077 [INFO] PluginManage:310 - Check plugin rif
2025-06-20 08:49:14,095 [INFO] PluginManage:359 - Loaded plugin rif (category:base,tabindex:3)
2025-06-20 08:49:14,095 [INFO] PluginManage:310 - Check plugin thirdparty
2025-06-20 08:49:14,402 [WARN] IntegrityCheckThread:84 - waiting for thirdparty lock release [integrity check]
2025-06-20 08:49:14,403 [INFO] IntegrityCheckThread:86 - entering critical section [integrity check]
2025-06-20 08:49:14,403 [INFO] PluginManage:359 - Loaded plugin thirdparty (category:base,tabindex:-1)
2025-06-20 08:49:14,403 [INFO] PluginManage:310 - Check plugin tools
2025-06-20 08:49:14,403 [INFO] ThirdPartyUpdaterWithRetryManager:70 - Updater plugin not ready yet. [1/15]
2025-06-20 08:49:14,442 [INFO] PluginManage:359 - Loaded plugin tools (category:base,tabindex:7)
2025-06-20 08:49:14,442 [INFO] PluginManage:310 - Check plugin tutovideos
2025-06-20 08:49:14,626 [INFO] PluginManage:359 - Loaded plugin tutovideos (category:base,tabindex:-1)
2025-06-20 08:49:14,626 [INFO] PluginManage:310 - Check plugin updater
2025-06-20 08:49:14,648 [INFO] PluginManage:359 - Loaded plugin updater (category:base,tabindex:12)
2025-06-20 08:49:14,648 [INFO] PluginManage:310 - Check plugin userauth
2025-06-20 08:49:14,653 [INFO] UserAuth:118 - Init User Auth plugin
2025-06-20 08:49:14,654 [INFO] PluginManage:359 - Loaded plugin userauth (category:base,tabindex:14)
2025-06-20 08:49:14,655 [INFO] PluginManage:283 - PluginManage : Loaded plugins [18]
2025-06-20 08:49:14,970 [INFO] PinOutPanel:1589 - setPackage(No Configuration,No Configuration)
2025-06-20 08:49:15,067 [INFO] CADModel:165 - CPN selected for project level
2025-06-20 08:49:15,067 [INFO] CADModel:114 - Register for checkConnection events
2025-06-20 08:49:15,100 [INFO] IPUIPlugin:80 - create IPUIPlugin
2025-06-20 08:49:15,100 [INFO] PluginManager:220 - loadIPPluginJar : add adc
2025-06-20 08:49:15,152 [INFO] IPUIPlugin:80 - create IPUIPlugin
2025-06-20 08:49:15,153 [INFO] PluginManager:220 - loadIPPluginJar : add aes
2025-06-20 08:49:15,220 [INFO] IPUIPlugin:80 - create IPUIPlugin
2025-06-20 08:49:15,220 [INFO] PluginManager:220 - loadIPPluginJar : add can
2025-06-20 08:49:15,259 [INFO] IPUIPlugin:80 - create IPUIPlugin
2025-06-20 08:49:15,259 [INFO] PluginManager:220 - loadIPPluginJar : add comp
2025-06-20 08:49:15,304 [INFO] IPUIPlugin:80 - create IPUIPlugin
2025-06-20 08:49:15,304 [INFO] PluginManager:220 - loadIPPluginJar : add cryp
2025-06-20 08:49:15,319 [INFO] IPUIPlugin:80 - create IPUIPlugin
2025-06-20 08:49:15,319 [INFO] PluginManager:220 - loadIPPluginJar : add ddr_ctrl_phy
2025-06-20 08:49:15,352 [INFO] IPUIPlugin:80 - create IPUIPlugin
2025-06-20 08:49:15,352 [INFO] PluginManager:220 - loadIPPluginJar : add dfsdm
2025-06-20 08:49:15,368 [INFO] IPUIPlugin:80 - create IPUIPlugin
2025-06-20 08:49:15,368 [INFO] PluginManager:220 - loadIPPluginJar : add dma
2025-06-20 08:49:15,408 [INFO] IPUIPlugin:80 - create IPUIPlugin
2025-06-20 08:49:15,408 [INFO] PluginManager:220 - loadIPPluginJar : add dma3
2025-06-20 08:49:15,450 [INFO] IPUIPlugin:80 - create IPUIPlugin
2025-06-20 08:49:15,451 [INFO] PluginManager:220 - loadIPPluginJar : add extmemmanager
2025-06-20 08:49:15,473 [INFO] IPUIPlugin:80 - create IPUIPlugin
2025-06-20 08:49:15,473 [INFO] PluginManager:220 - loadIPPluginJar : add fatfs
2025-06-20 08:49:15,517 [INFO] IPUIPlugin:80 - create IPUIPlugin
2025-06-20 08:49:15,517 [INFO] PluginManager:220 - loadIPPluginJar : add fmc
2025-06-20 08:49:15,532 [INFO] IPUIPlugin:80 - create IPUIPlugin
2025-06-20 08:49:15,532 [INFO] PluginManager:220 - loadIPPluginJar : add freertos
2025-06-20 08:49:15,561 [INFO] IPUIPlugin:80 - create IPUIPlugin
2025-06-20 08:49:15,561 [INFO] PluginManager:220 - loadIPPluginJar : add genericplugin
2025-06-20 08:49:15,667 [INFO] IPUIPlugin:80 - create IPUIPlugin
2025-06-20 08:49:15,667 [INFO] PluginManager:220 - loadIPPluginJar : add gfxmmu
2025-06-20 08:49:15,821 [INFO] IPUIPlugin:80 - create IPUIPlugin
2025-06-20 08:49:15,822 [INFO] PluginManager:220 - loadIPPluginJar : add gic
2025-06-20 08:49:15,836 [INFO] IPUIPlugin:80 - create IPUIPlugin
2025-06-20 08:49:15,836 [INFO] PluginManager:220 - loadIPPluginJar : add gpio
2025-06-20 08:49:15,931 [INFO] IPUIPlugin:80 - create IPUIPlugin
2025-06-20 08:49:15,931 [INFO] PluginManager:220 - loadIPPluginJar : add gtzc
2025-06-20 08:49:15,972 [INFO] IPUIPlugin:80 - create IPUIPlugin
2025-06-20 08:49:15,972 [INFO] PluginManager:220 - loadIPPluginJar : add hash
2025-06-20 08:49:16,045 [INFO] IPUIPlugin:80 - create IPUIPlugin
2025-06-20 08:49:16,045 [INFO] PluginManager:220 - loadIPPluginJar : add i2c
2025-06-20 08:49:16,089 [INFO] IPUIPlugin:80 - create IPUIPlugin
2025-06-20 08:49:16,090 [INFO] PluginManager:220 - loadIPPluginJar : add i2s
2025-06-20 08:49:16,144 [INFO] IPUIPlugin:80 - create IPUIPlugin
2025-06-20 08:49:16,145 [INFO] PluginManager:220 - loadIPPluginJar : add i3c
2025-06-20 08:49:16,261 [INFO] IPUIPlugin:80 - create IPUIPlugin
2025-06-20 08:49:16,261 [INFO] PluginManager:220 - loadIPPluginJar : add ipddr
2025-06-20 08:49:16,385 [INFO] IPUIPlugin:80 - create IPUIPlugin
2025-06-20 08:49:16,386 [INFO] PluginManager:220 - loadIPPluginJar : add linkedlist
2025-06-20 08:49:16,442 [INFO] IPUIPlugin:80 - create IPUIPlugin
2025-06-20 08:49:16,443 [INFO] PluginManager:220 - loadIPPluginJar : add lorawan
2025-06-20 08:49:16,498 [INFO] IPUIPlugin:80 - create IPUIPlugin
2025-06-20 08:49:16,498 [INFO] PluginManager:220 - loadIPPluginJar : add ltdc
2025-06-20 08:49:16,516 [INFO] IPUIPlugin:80 - create IPUIPlugin
2025-06-20 08:49:16,517 [INFO] PluginManager:220 - loadIPPluginJar : add mdma
2025-06-20 08:49:16,535 [INFO] IPUIPlugin:80 - create IPUIPlugin
2025-06-20 08:49:16,535 [INFO] PluginManager:220 - loadIPPluginJar : add nvic
2025-06-20 08:49:16,585 [INFO] IPUIPlugin:80 - create IPUIPlugin
2025-06-20 08:49:16,585 [INFO] PluginManager:220 - loadIPPluginJar : add opamp
2025-06-20 08:49:16,648 [INFO] IPUIPlugin:80 - create IPUIPlugin
2025-06-20 08:49:16,648 [INFO] PluginManager:220 - loadIPPluginJar : add openamp
2025-06-20 08:49:16,693 [INFO] IPUIPlugin:80 - create IPUIPlugin
2025-06-20 08:49:16,693 [INFO] PluginManager:220 - loadIPPluginJar : add pdm2pcm
2025-06-20 08:49:16,706 [INFO] IPUIPlugin:80 - create IPUIPlugin
2025-06-20 08:49:16,708 [INFO] PluginManager:220 - loadIPPluginJar : add plateformsettings
2025-06-20 08:49:16,731 [INFO] IPUIPlugin:80 - create IPUIPlugin
2025-06-20 08:49:16,731 [INFO] PluginManager:220 - loadIPPluginJar : add quadspi
2025-06-20 08:49:16,755 [INFO] IPUIPlugin:80 - create IPUIPlugin
2025-06-20 08:49:16,756 [INFO] PluginManager:220 - loadIPPluginJar : add radio
2025-06-20 08:49:16,769 [INFO] IPUIPlugin:80 - create IPUIPlugin
2025-06-20 08:49:16,769 [INFO] PluginManager:220 - loadIPPluginJar : add resmgrutility
2025-06-20 08:49:16,812 [INFO] IPUIPlugin:80 - create IPUIPlugin
2025-06-20 08:49:16,812 [INFO] PluginManager:220 - loadIPPluginJar : add sai
2025-06-20 08:49:16,845 [INFO] IPUIPlugin:80 - create IPUIPlugin
2025-06-20 08:49:16,845 [INFO] PluginManager:220 - loadIPPluginJar : add spi
2025-06-20 08:49:16,901 [INFO] IPUIPlugin:80 - create IPUIPlugin
2025-06-20 08:49:16,901 [INFO] PluginManager:220 - loadIPPluginJar : add stm32_wpan
2025-06-20 08:49:16,927 [INFO] IPUIPlugin:80 - create IPUIPlugin
2025-06-20 08:49:16,928 [INFO] PluginManager:220 - loadIPPluginJar : add tim
2025-06-20 08:49:16,981 [INFO] IPUIPlugin:80 - create IPUIPlugin
2025-06-20 08:49:16,981 [INFO] PluginManager:220 - loadIPPluginJar : add touchsensing
2025-06-20 08:49:17,001 [INFO] IPUIPlugin:80 - create IPUIPlugin
2025-06-20 08:49:17,001 [INFO] PluginManager:220 - loadIPPluginJar : add tracer_emb
2025-06-20 08:49:17,022 [INFO] IPUIPlugin:80 - create IPUIPlugin
2025-06-20 08:49:17,022 [INFO] PluginManager:220 - loadIPPluginJar : add ts
2025-06-20 08:49:17,041 [INFO] IPUIPlugin:80 - create IPUIPlugin
2025-06-20 08:49:17,041 [INFO] PluginManager:220 - loadIPPluginJar : add tsc
2025-06-20 08:49:17,060 [INFO] IPUIPlugin:80 - create IPUIPlugin
2025-06-20 08:49:17,060 [INFO] PluginManager:220 - loadIPPluginJar : add ucpd
2025-06-20 08:49:17,096 [INFO] IPUIPlugin:80 - create IPUIPlugin
2025-06-20 08:49:17,097 [INFO] PluginManager:220 - loadIPPluginJar : add usart
2025-06-20 08:49:17,133 [INFO] IPUIPlugin:80 - create IPUIPlugin
2025-06-20 08:49:17,133 [INFO] PluginManager:220 - loadIPPluginJar : add usbx
2025-06-20 08:49:17,243 [FATAL] Updater:351 - Updater called before beeing initialized
2025-06-20 08:49:17,285 [INFO] RulesReader:64 - Compatibility file has been processed (297 Rules)
2025-06-20 08:49:17,298 [INFO] RulesReader:64 - Compatibility file has been processed (297 Rules)
2025-06-20 08:49:17,307 [INFO] CADModel:165 - CPN selected for project level
2025-06-20 08:49:17,307 [INFO] CADModel:114 - Register for checkConnection events
2025-06-20 08:49:17,307 [FATAL] Updater:351 - Updater called before beeing initialized
2025-06-20 08:49:17,307 [ERROR] CADModel:125 - Updater not yet initialized, retry later 
2025-06-20 08:49:17,404 [INFO] ThirdPartyUpdaterWithRetryManager:70 - Updater plugin not ready yet. [2/15]
2025-06-20 08:49:17,462 [FATAL] Updater:351 - Updater called before beeing initialized
2025-06-20 08:49:17,464 [INFO] CADModel:165 - CPN selected for project level
2025-06-20 08:49:17,464 [INFO] CADModel:114 - Register for checkConnection events
2025-06-20 08:49:17,464 [FATAL] Updater:351 - Updater called before beeing initialized
2025-06-20 08:49:17,464 [ERROR] CADModel:125 - Updater not yet initialized, retry later 
2025-06-20 08:49:17,466 [FATAL] Updater:351 - Updater called before beeing initialized
2025-06-20 08:49:17,552 [FATAL] Updater:351 - Updater called before beeing initialized
2025-06-20 08:49:17,556 [INFO] DbMcusAds:53 - JSON generation date=Wed May 07 16:07:55 ICT 2025 (1746608875484)
2025-06-20 08:49:17,557 [FATAL] Updater:351 - Updater called before beeing initialized
2025-06-20 08:49:17,649 [WARN] DetailPanel:346 - Failed to get advertising image, set to default
2025-06-20 08:49:17,835 [FATAL] Updater:351 - Updater called before beeing initialized
2025-06-20 08:49:17,836 [FATAL] Updater:351 - Updater called before beeing initialized
2025-06-20 08:49:17,836 [FATAL] Updater:351 - Updater called before beeing initialized
2025-06-20 08:49:17,836 [WARN] DetailPanel:346 - Failed to get advertising image, set to default
2025-06-20 08:49:17,837 [FATAL] Updater:351 - Updater called before beeing initialized
2025-06-20 08:49:17,892 [ERROR] Updater:1198 - MainUpdater not yet initialized. External WinMGr cannot be set.
2025-06-20 08:49:17,900 [INFO] Updater:1134 - Updater Version found : 6.13.0
2025-06-20 08:49:17,914 [INFO] ApplicationProperties:184 - Using Application install path: D:\STM32CubeIDE_1.17.0\STM32CubeIDE\plugins\com.st.stm32cube.common.mx_6.13.0.202411220809
2025-06-20 08:49:19,482 [ERROR] LogOutputStream:75 - [STDERR_REDIRECT] Jun 20, 2025 8:49:19 AM java.util.prefs.WindowsPreferences <init>
2025-06-20 08:49:19,483 [ERROR] LogOutputStream:75 - [STDERR_REDIRECT] WARNING: Could not open/create prefs root node Software\JavaSoft\Prefs at root 0xffffffff80000002. Windows RegCreateKeyEx(...) returned error code 5.
2025-06-20 08:49:19,483 [ERROR] LogOutputStream:75 - [STDERR_REDIRECT] 
2025-06-20 08:49:19,868 [INFO] MainUpdater:2872 - connection check result : 10
2025-06-20 08:49:19,869 [INFO] MainUpdater:289 - Updater Check For Update Now.
2025-06-20 08:49:19,869 [INFO] MicroXplorer:498 - Change Database Version : DB.6.0.130
2025-06-20 08:49:19,885 [INFO] McuFinderGlobals:63 - Set McuFinder mode to 2 (CubeIDE integrated)
2025-06-20 08:49:19,888 [INFO] UserAuth:486 - Internet connection configuration mode: 1
2025-06-20 08:49:19,922 [INFO] JxBrowserEngine:152 - Initiate JxBrowser Engine with user profile folder
2025-06-20 08:49:20,051 [INFO] CheckServerUpdateThread:120 - End of CheckServer Thread
2025-06-20 08:49:20,696 [WARN] PackLoader:240 - Cannot read IP mode file for STMicroelectronics.FP-SNS-MOTENVWB1.1.4.0
2025-06-20 08:49:20,707 [WARN] PackLoader:240 - Cannot read IP mode file for STMicroelectronics.FP-ATR-ASTRA1.2.0.2
2025-06-20 08:49:20,711 [WARN] PackLoader:240 - Cannot read IP mode file for STMicroelectronics.FP-ATR-ASTRA1.2.0.1
2025-06-20 08:49:20,723 [WARN] PackLoader:240 - Cannot read IP mode file for STMicroelectronics.X-CUBE-SMBUS.2.1.0
2025-06-20 08:49:20,733 [WARN] PackLoader:240 - Cannot read IP mode file for STMicroelectronics.X-CUBE-WB05N.1.1.0
2025-06-20 08:49:20,738 [WARN] PackLoader:240 - Cannot read IP mode file for STMicroelectronics.X-CUBE-ST60.1.0.0
2025-06-20 08:49:20,787 [WARN] PackLoader:240 - Cannot read IP mode file for STMicroelectronics.X-CUBE-AZRTOS-F7.1.1.0
2025-06-20 08:49:20,803 [WARN] PackLoader:240 - Cannot read IP mode file for STMicroelectronics.FP-SNS-FLIGHT1.5.0.2
2025-06-20 08:49:20,836 [WARN] PackLoader:240 - Cannot read IP mode file for Infineon.AIROC-Wi-Fi-Bluetooth-STM32.1.7.0
2025-06-20 08:49:20,877 [WARN] PackLoader:240 - Cannot read IP mode file for STMicroelectronics.X-CUBE-DISPLAY.3.0.0
2025-06-20 08:49:20,899 [WARN] PackLoader:240 - Cannot read IP mode file for STMicroelectronics.X-CUBE-BLE1.7.0.0
2025-06-20 08:49:20,925 [WARN] PackLoader:240 - Cannot read IP mode file for STMicroelectronics.X-CUBE-NFC10.1.0.0
2025-06-20 08:49:20,951 [WARN] PackLoader:240 - Cannot read IP mode file for STMicroelectronics.X-CUBE-AI.10.0.0
2025-06-20 08:49:20,966 [WARN] PackLoader:240 - Cannot read IP mode file for STMicroelectronics.FP-SNS-SMARTAG2.1.2.0
2025-06-20 08:49:20,982 [WARN] PackLoader:240 - Cannot read IP mode file for STMicroelectronics.FP-SNS-FLIGHT1.5.1.0
2025-06-20 08:49:21,061 [WARN] PackLoader:240 - Cannot read IP mode file for STMicroelectronics.X-CUBE-MEMS1.11.1.0
2025-06-20 08:49:21,186 [INFO] LogOutputStream:77 - [STDOUT_REDIRECT] 1 : Invalid condition id : UX_CORESTACK_Condition cause : null
2025-06-20 08:49:21,188 [INFO] LogOutputStream:77 - [STDOUT_REDIRECT] 1 : Invalid condition id : UX_CORESTACK_Condition cause : null
2025-06-20 08:49:21,189 [INFO] LogOutputStream:77 - [STDOUT_REDIRECT] 1 : Invalid condition id : UX_CORESTACK_Condition cause : null
2025-06-20 08:49:21,190 [INFO] LogOutputStream:77 - [STDOUT_REDIRECT] 1 : Invalid condition id : UX_CORESTACK_Condition cause : null
2025-06-20 08:49:21,191 [INFO] LogOutputStream:77 - [STDOUT_REDIRECT] 1 : Invalid condition id : UX_CORESTACK_Condition cause : null
2025-06-20 08:49:21,194 [WARN] PackLoader:240 - Cannot read IP mode file for STMicroelectronics.X-CUBE-AZRTOS-WL.2.0.0
2025-06-20 08:49:21,205 [WARN] PackLoader:240 - Cannot read IP mode file for STMicroelectronics.FP-SNS-MOTENV1.5.0.0
2025-06-20 08:49:21,211 [WARN] PackLoader:240 - Cannot read IP mode file for wolfSSL.I-CUBE-wolfMQTT.1.19.0
2025-06-20 08:49:21,225 [WARN] PackLoader:240 - Cannot read IP mode file for WES.I-CUBE-Cesium.1.3.0
2025-06-20 08:49:21,235 [WARN] PackLoader:240 - Cannot read IP mode file for STMicroelectronics.X-CUBE-BLE2.3.3.0
2025-06-20 08:49:21,245 [WARN] PackLoader:240 - Cannot read IP mode file for STMicroelectronics.X-CUBE-NFC9.1.0.0
2025-06-20 08:49:21,256 [WARN] PackLoader:240 - Cannot read IP mode file for STMicroelectronics.X-CUBE-BLE1.7.1.0
2025-06-20 08:49:21,263 [WARN] PackLoader:240 - Cannot read IP mode file for STMicroelectronics.X-CUBE-AI.10.1.0
2025-06-20 08:49:21,311 [WARN] PackLoader:240 - Cannot read IP mode file for STMicroelectronics.X-CUBE-MEMS1.11.2.0
2025-06-20 08:49:21,474 [WARN] PackLoader:240 - Cannot read IP mode file for STMicroelectronics.X-CUBE-AZRTOS-G0.1.1.0
2025-06-20 08:49:21,481 [WARN] PackLoader:240 - Cannot read IP mode file for STMicroelectronics.X-CUBE-SAFEA1.1.2.2
2025-06-20 08:49:21,488 [WARN] PackLoader:240 - Cannot read IP mode file for STMicroelectronics.X-CUBE-NFC4.3.0.0
2025-06-20 08:49:21,498 [WARN] PackLoader:240 - Cannot read IP mode file for EmbeddedOffice.I-CUBE-FS-RTOS.1.0.1
2025-06-20 08:49:21,505 [WARN] PackLoader:240 - Cannot read IP mode file for STMicroelectronics.X-CUBE-WB05N.2.0.0
2025-06-20 08:49:21,511 [WARN] PackLoader:240 - Cannot read IP mode file for RealThread.X-CUBE-RT-Thread_Nano.4.1.1
2025-06-20 08:49:21,522 [WARN] PackLoader:240 - Cannot read IP mode file for STMicroelectronics.FP-ATR-SIGFOX1.3.2.0
2025-06-20 08:49:21,528 [WARN] ConditionMgr:438 - getConditionDescription Invalid condition id : Cortex-A Device cause : null
2025-06-20 08:49:21,542 [WARN] ConditionMgr:1044 - genDependencies : Invalid condition id : Cortex-A Device cause : null
2025-06-20 08:49:21,542 [WARN] ConditionMgr:1044 - genDependencies : Invalid condition id : Cortex-A Device cause : null
2025-06-20 08:49:21,542 [WARN] ConditionMgr:1044 - genDependencies : Invalid condition id : Cortex-A Device cause : null
2025-06-20 08:49:21,547 [WARN] PackLoader:240 - Cannot read IP mode file for STMicroelectronics.X-CUBE-EEPRMA1.5.1.0
2025-06-20 08:49:21,553 [WARN] PackLoader:240 - Cannot read IP mode file for STMicroelectronics.X-CUBE-ST67W61.1.0.0
2025-06-20 08:49:21,556 [INFO] WebApp:168 - Instantiating new browser for Auth
2025-06-20 08:49:21,579 [WARN] PackLoader:240 - Cannot read IP mode file for SEGGER.I-CUBE-embOS.1.3.1
2025-06-20 08:49:21,629 [WARN] PackLoader:240 - Cannot read IP mode file for STMicroelectronics.X-CUBE-ALGOBUILD.1.4.0
2025-06-20 08:49:21,666 [WARN] PackLoader:240 - Cannot read IP mode file for STMicroelectronics.X-CUBE-MEMS1.11.3.0
2025-06-20 08:49:21,805 [WARN] PackLoader:240 - Cannot read IP mode file for STMicroelectronics.X-CUBE-PM33A1.1.0.0
2025-06-20 08:49:21,847 [WARN] PackLoader:240 - Cannot read IP mode file for STMicroelectronics.X-CUBE-AZRTOS-F4.1.1.0
2025-06-20 08:49:21,872 [WARN] PackLoader:240 - Cannot read IP mode file for Avnet-IotConnect.X-CUBE-IoTC-DA16k-PMOD.1.0.0
2025-06-20 08:49:21,885 [WARN] PackLoader:240 - Cannot read IP mode file for STMicroelectronics.X-CUBE-ISPU.2.1.0
2025-06-20 08:49:21,913 [WARN] PackLoader:240 - Cannot read IP mode file for STMicroelectronics.X-CUBE-AZRTOS-L5.2.0.0
2025-06-20 08:49:21,929 [WARN] PackLoader:240 - Cannot read IP mode file for STMicroelectronics.X-CUBE-NFC6.3.1.0
2025-06-20 08:49:21,940 [WARN] PackLoader:240 - Cannot read IP mode file for STMicroelectronics.X-CUBE-DPower.1.2.0
2025-06-20 08:49:21,948 [WARN] PackLoader:240 - Cannot read IP mode file for STMicroelectronics.X-CUBE-FREERTOS.1.3.1
2025-06-20 08:49:21,955 [WARN] PackLoader:240 - Cannot read IP mode file for STMicroelectronics.X-CUBE-FREERTOS.1.3.0
2025-06-20 08:49:21,967 [WARN] PackLoader:240 - Cannot read IP mode file for STMicroelectronics.X-CUBE-NFC7.1.0.1
2025-06-20 08:49:21,973 [WARN] PackLoader:240 - Cannot read IP mode file for STMicroelectronics.X-CUBE-DPower.1.3.0
2025-06-20 08:49:21,997 [WARN] ConditionMgr:438 - getConditionDescription Invalid condition id : LAN8742 Phy interface Condition cause : null
2025-06-20 08:49:21,997 [WARN] PackLoader:240 - Cannot read IP mode file for STMicroelectronics.X-CUBE-AZRTOS-L4.2.0.0
2025-06-20 08:49:22,004 [WARN] ConditionMgr:1044 - genDependencies : Invalid condition id : LAN8742 Phy interface Condition cause : null
2025-06-20 08:49:22,005 [WARN] ConditionMgr:1044 - genDependencies : Invalid condition id : LAN8742 Phy interface Condition cause : null
2025-06-20 08:49:22,005 [WARN] ConditionMgr:1044 - genDependencies : Invalid condition id : LAN8742 Phy interface Condition cause : null
2025-06-20 08:49:22,019 [WARN] PackLoader:240 - Cannot read IP mode file for STMicroelectronics.X-CUBE-SFXS2LP1.4.0.0
2025-06-20 08:49:22,042 [WARN] PackLoader:240 - Cannot read IP mode file for STMicroelectronics.X-CUBE-AZRTOS-H7.3.3.0
2025-06-20 08:49:22,070 [WARN] ConditionMgr:438 - getConditionDescription Invalid condition id : UX DEVICE CLASS RTOS Condition cause : null
2025-06-20 08:49:22,071 [WARN] ConditionMgr:438 - getConditionDescription Invalid condition id : UX DEVICE CLASS RTOS Condition cause : null
2025-06-20 08:49:22,073 [WARN] PackLoader:240 - Cannot read IP mode file for STMicroelectronics.X-CUBE-AZRTOS-WB.2.0.0
2025-06-20 08:49:22,074 [WARN] ConditionMgr:1044 - genDependencies : Invalid condition id : UX DEVICE CLASS RTOS Condition cause : null
2025-06-20 08:49:22,074 [WARN] ConditionMgr:1044 - genDependencies : Invalid condition id : UX DEVICE CLASS RTOS Condition cause : null
2025-06-20 08:49:22,074 [WARN] ConditionMgr:1044 - genDependencies : Invalid condition id : UX DEVICE CLASS RTOS Condition cause : null
2025-06-20 08:49:22,074 [WARN] ConditionMgr:1044 - genDependencies : Invalid condition id : UX DEVICE CLASS RTOS Condition cause : null
2025-06-20 08:49:22,075 [WARN] ConditionMgr:1044 - genDependencies : Invalid condition id : UX DEVICE CLASS RTOS Condition cause : null
2025-06-20 08:49:22,083 [WARN] PackLoader:240 - Cannot read IP mode file for STMicroelectronics.X-CUBE-TOUCHGFX.4.25.0
2025-06-20 08:49:22,091 [WARN] PackLoader:240 - Cannot read IP mode file for STMicroelectronics.FP-SNS-STBOX1.2.0.0
2025-06-20 08:49:22,102 [WARN] PackLoader:240 - Cannot read IP mode file for STMicroelectronics.X-CUBE-SUBG2.5.0.0
2025-06-20 08:49:22,122 [WARN] PackLoader:240 - Cannot read IP mode file for STMicroelectronics.X-CUBE-AZRTOS-H7RS.1.1.0
2025-06-20 08:49:22,130 [WARN] PackLoader:240 - Cannot read IP mode file for Cesanta.I-CUBE-Mongoose.7.13.0
2025-06-20 08:49:22,141 [WARN] PackLoader:240 - Cannot read IP mode file for STMicroelectronics.X-CUBE-AZRTOS-G4.2.0.0
2025-06-20 08:49:22,147 [WARN] PackLoader:240 - Cannot read IP mode file for STMicroelectronics.X-CUBE-NFC7.2.0.0
2025-06-20 08:49:22,152 [WARN] PackLoader:240 - Cannot read IP mode file for STMicroelectronics.X-CUBE-ALS.1.0.2
2025-06-20 08:49:22,156 [WARN] PackLoader:240 - Cannot read IP mode file for STMicroelectronics.X-CUBE-TOUCHGFX.4.24.2
2025-06-20 08:49:22,163 [WARN] PackLoader:240 - Cannot read IP mode file for portGmbH.I-Cube-SoM-uGOAL.1.1.0
2025-06-20 08:49:22,175 [WARN] PackLoader:240 - Cannot read IP mode file for STMicroelectronics.X-CUBE-AZRTOS-H7RS.1.0.0
2025-06-20 08:49:22,186 [WARN] PackLoader:240 - Cannot read IP mode file for STMicroelectronics.X-CUBE-TOF1.3.4.2
2025-06-20 08:49:22,201 [WARN] PackLoader:240 - Cannot read IP mode file for STMicroelectronics.X-CUBE-TOF1.3.4.3
2025-06-20 08:49:22,213 [WARN] PackLoader:240 - Cannot read IP mode file for wolfSSL.I-CUBE-wolfSSH.1.4.17
2025-06-20 08:49:22,214 [INFO] ThirdParty:978 - Integrity check success = true
2025-06-20 08:49:22,215 [INFO] IntegrityCheckThread:100 - exiting critical section [integrity check]
2025-06-20 08:49:22,215 [INFO] IntegrityCheckThread:103 - End integrity checks thread
2025-06-20 08:49:22,840 [INFO] WebApp:449 - Apply proxy settings
2025-06-20 08:49:22,840 [INFO] WebApp:534 - Chromium requires no authentication
2025-06-20 08:49:22,879 [INFO] WebApp:477 - Direct internet connection detected
2025-06-20 08:49:22,949 [INFO] WebApp:880 - Register for checkConnection events
2025-06-20 08:49:22,949 [INFO] WebApp:449 - Apply proxy settings
2025-06-20 08:49:22,949 [INFO] WebApp:534 - Chromium requires no authentication
2025-06-20 08:49:22,950 [INFO] WebApp:477 - Direct internet connection detected
2025-06-20 08:49:23,199 [INFO] WebApp:221 - Starting web application
2025-06-20 08:49:23,199 [INFO] WebApp:579 - Web application path used D:\STM32CubeIDE_1.17.0\STM32CubeIDE\plugins\com.st.stm32cube.common.mx_6.13.0.202411220809\db\plugins\mcufinder\reactClient1\index.html
2025-06-20 08:49:23,456 [INFO] UserAuth:486 - Internet connection configuration mode: 1
2025-06-20 08:49:24,400 [INFO] WebApp:187 - Connection restablished
2025-06-20 09:17:15,014 [ERROR] LogOutputStream:75 - [STDERR_REDIRECT] 
2025-06-20 09:56:30,813 [INFO] Activator:176 - 


2025-06-20 09:56:30,813 [INFO] Activator:177 - !SESSION log4j initialized
2025-06-20 09:56:36,436 [INFO] LogOutputStream:77 - [STDOUT_REDIRECT] 
2025-06-20 09:56:37,685 [INFO] ApplicationProperties:184 - Using Application install path: D:\STM32CubeIDE_1.17.0\STM32CubeIDE\plugins\com.st.stm32cube.common.mx_6.13.0.202411220809
2025-06-20 09:56:37,708 [INFO] DbMcusXml:78 - Set database path to: D:\STM32CubeIDE_1.17.0\STM32CubeIDE\plugins\com.st.stm32cube.common.mx_6.13.0.202411220809\\db\/mcu/
2025-06-20 09:56:37,709 [INFO] ApiDb:274 - Set plugin database path to: D:\STM32CubeIDE_1.17.0\STM32CubeIDE\plugins\com.st.stm32cube.common.mx_6.13.0.202411220809\\db\/plugins/boardmanager/
2025-06-20 09:56:37,709 [WARN] ApiDb:259 - Overriding images path with different value:  => D:\STM32CubeIDE_1.17.0\STM32CubeIDE\plugins\com.st.stm32cube.common.mx_6.13.0.202411220809\\db\/plugins/mcufinder/images/
2025-06-20 09:56:37,719 [INFO] ApiDb:250 - Set database path to: C:\Users\DELL\.stmcufinder\plugins\mcufinder//mcu/
2025-06-20 09:56:37,720 [INFO] DbMcusAds:125 - Set database path to: C:\Users\DELL\.stmcufinder\plugins\mcufinder//mcu/
2025-06-20 09:56:37,722 [INFO] CrossReferenceDbSqlite:203 - Set database path to: C:\Users\DELL\.stmcufinder\plugins\mcufinder//mcu/cs/
2025-06-20 09:56:37,841 [INFO] RulesReader:64 - Compatibility file has been processed (297 Rules)
2025-06-20 09:56:37,923 [INFO] DbMcusXml:78 - Set database path to: D:\STM32CubeIDE_1.17.0\STM32CubeIDE\plugins\com.st.stm32cube.common.mx_6.13.0.202411220809\\db\/mcu/
2025-06-20 09:56:37,923 [INFO] ApiDb:274 - Set plugin database path to: D:\STM32CubeIDE_1.17.0\STM32CubeIDE\plugins\com.st.stm32cube.common.mx_6.13.0.202411220809\\db\/plugins/boardmanager/
2025-06-20 09:56:37,923 [INFO] ApiDb:261 - Set plugin images path to: D:\STM32CubeIDE_1.17.0\STM32CubeIDE\plugins\com.st.stm32cube.common.mx_6.13.0.202411220809\\db\/plugins/mcufinder/images/
2025-06-20 09:56:37,923 [WARN] DbFile:41 - Overriding database path with different value: C:\Users\DELL\.stmcufinder\plugins\mcufinder/ => C:\Users\DELL\.stmcufinder\plugins\mcufinder
2025-06-20 09:56:37,924 [INFO] ApiDb:250 - Set database path to: C:\Users\DELL\.stmcufinder\plugins\mcufinder//mcu/
2025-06-20 09:56:37,924 [WARN] DbFile:41 - Overriding database path with different value: C:\Users\DELL\.stmcufinder\plugins\mcufinder/ => C:\Users\DELL\.stmcufinder\plugins\mcufinder
2025-06-20 09:56:37,924 [INFO] DbMcusAds:125 - Set database path to: C:\Users\DELL\.stmcufinder\plugins\mcufinder//mcu/
2025-06-20 09:56:37,924 [WARN] DbFile:41 - Overriding database path with different value: C:\Users\DELL\.stmcufinder\plugins\mcufinder/ => C:\Users\DELL\.stmcufinder\plugins\mcufinder
2025-06-20 09:56:37,924 [WARN] DbFile:41 - Overriding database path with different value: C:\Users\DELL\.stmcufinder\plugins\mcufinder/ => C:\Users\DELL\.stmcufinder\plugins\mcufinder
2025-06-20 09:56:37,924 [INFO] CrossReferenceDbSqlite:203 - Set database path to: C:\Users\DELL\.stmcufinder\plugins\mcufinder//mcu/cs/
2025-06-20 09:56:37,997 [INFO] MainPanel:272 - HeapMemory: 268435456
2025-06-20 09:56:38,101 [INFO] DbMcusXml:78 - Set database path to: D:\STM32CubeIDE_1.17.0\STM32CubeIDE\plugins\com.st.stm32cube.common.mx_6.13.0.202411220809\\db\/mcu/
2025-06-20 09:56:38,101 [INFO] ApiDb:274 - Set plugin database path to: D:\STM32CubeIDE_1.17.0\STM32CubeIDE\plugins\com.st.stm32cube.common.mx_6.13.0.202411220809\\db\/plugins/boardmanager/
2025-06-20 09:56:38,101 [INFO] ApiDb:261 - Set plugin images path to: D:\STM32CubeIDE_1.17.0\STM32CubeIDE\plugins\com.st.stm32cube.common.mx_6.13.0.202411220809\\db\/plugins/mcufinder/images/
2025-06-20 09:56:38,102 [WARN] DbFile:41 - Overriding database path with different value: C:\Users\DELL\.stmcufinder\plugins\mcufinder/ => C:\Users\DELL\.stmcufinder\plugins\mcufinder
2025-06-20 09:56:38,102 [INFO] ApiDb:250 - Set database path to: C:\Users\DELL\.stmcufinder\plugins\mcufinder//mcu/
2025-06-20 09:56:38,102 [WARN] DbFile:41 - Overriding database path with different value: C:\Users\DELL\.stmcufinder\plugins\mcufinder/ => C:\Users\DELL\.stmcufinder\plugins\mcufinder
2025-06-20 09:56:38,102 [INFO] DbMcusAds:125 - Set database path to: C:\Users\DELL\.stmcufinder\plugins\mcufinder//mcu/
2025-06-20 09:56:38,102 [WARN] DbFile:41 - Overriding database path with different value: C:\Users\DELL\.stmcufinder\plugins\mcufinder/ => C:\Users\DELL\.stmcufinder\plugins\mcufinder
2025-06-20 09:56:38,102 [WARN] DbFile:41 - Overriding database path with different value: C:\Users\DELL\.stmcufinder\plugins\mcufinder/ => C:\Users\DELL\.stmcufinder\plugins\mcufinder
2025-06-20 09:56:38,102 [INFO] CrossReferenceDbSqlite:203 - Set database path to: C:\Users\DELL\.stmcufinder\plugins\mcufinder//mcu/cs/
2025-06-20 09:56:38,119 [INFO] ApplicationProperties:184 - Using Application install path: D:\STM32CubeIDE_1.17.0\STM32CubeIDE\plugins\com.st.stm32cube.common.mx_6.13.0.202411220809
2025-06-20 09:56:38,120 [INFO] PluginManage:196 - Search for loadable plugins [exclusion list=, ]
2025-06-20 09:56:38,122 [INFO] PluginManage:310 - Check plugin analytics
2025-06-20 09:56:38,362 [INFO] AnalyticsPlugin:253 - Accepted Software Licenses: 
2025-06-20 09:56:38,363 [INFO] AnalyticsPlugin:255 - Accepted CMSIS Pack Licenses: 
2025-06-20 09:56:38,363 [INFO] AnalyticsPlugin:257 - Accepted Firmware Licenses: FW.F4.1.28.0,FW.H5.1.4.0
2025-06-20 09:56:38,368 [INFO] PluginManage:359 - Loaded plugin analytics (category:tool,tabindex:-1)
2025-06-20 09:56:38,368 [INFO] PluginManage:310 - Check plugin cadmodel
2025-06-20 09:56:38,388 [INFO] CADModel:105 - Init CAD model plugin
2025-06-20 09:56:38,388 [INFO] PluginManage:359 - Loaded plugin cadmodel (category:power,tabindex:5)
2025-06-20 09:56:38,388 [INFO] PluginManage:310 - Check plugin clock
2025-06-20 09:56:38,408 [INFO] PluginManage:359 - Loaded plugin clock (category:base,tabindex:2)
2025-06-20 09:56:38,408 [INFO] PluginManage:310 - Check plugin ddr
2025-06-20 09:56:38,410 [INFO] PluginManage:359 - Loaded plugin ddr (category:tool,tabindex:6)
2025-06-20 09:56:38,411 [INFO] PluginManage:310 - Check plugin filemanager
2025-06-20 09:56:38,542 [INFO] PluginManage:359 - Loaded plugin filemanager (category:base,tabindex:10)
2025-06-20 09:56:38,542 [INFO] PluginManage:310 - Check plugin ipmanager
2025-06-20 09:56:38,548 [INFO] PluginManage:359 - Loaded plugin ipmanager (category:base,tabindex:5)
2025-06-20 09:56:38,548 [INFO] PluginManage:310 - Check plugin lpbam
2025-06-20 09:56:38,564 [INFO] PluginManage:359 - Loaded plugin lpbam (category:base,tabindex:0)
2025-06-20 09:56:38,564 [INFO] PluginManage:310 - Check plugin memorymap
2025-06-20 09:56:38,590 [INFO] PluginManage:359 - Loaded plugin memorymap (category:base,tabindex:4)
2025-06-20 09:56:38,591 [INFO] PluginManage:310 - Check plugin pinoutandconfiguration
2025-06-20 09:56:38,610 [INFO] PluginManage:359 - Loaded plugin pinoutandconfiguration (category:base,tabindex:1)
2025-06-20 09:56:38,611 [INFO] PluginManage:310 - Check plugin pinoutconfig
2025-06-20 09:56:38,708 [WARN] SupportedApi:132 - Cannot load RTOS API schema: s4s-elt-must-match.1: The content of 'definitions' must match (annotation?, (simpleType | complexType)?, (unique | key | keyref)*)). A problem was found starting at: attribute.
2025-06-20 09:56:38,850 [INFO] PluginManage:359 - Loaded plugin pinoutconfig (category:base,tabindex:0)
2025-06-20 09:56:38,850 [INFO] PluginManage:310 - Check plugin power
2025-06-20 09:56:38,876 [INFO] PluginManage:359 - Loaded plugin power (category:power,tabindex:4)
2025-06-20 09:56:38,877 [INFO] PluginManage:310 - Check plugin projectmanager
2025-06-20 09:56:38,901 [INFO] PluginManage:359 - Loaded plugin projectmanager (category:projectmanager,tabindex:4)
2025-06-20 09:56:38,901 [INFO] PluginManage:310 - Check plugin rif
2025-06-20 09:56:38,929 [INFO] PluginManage:359 - Loaded plugin rif (category:base,tabindex:3)
2025-06-20 09:56:38,929 [INFO] PluginManage:310 - Check plugin thirdparty
2025-06-20 09:56:39,307 [WARN] IntegrityCheckThread:84 - waiting for thirdparty lock release [integrity check]
2025-06-20 09:56:39,308 [INFO] PluginManage:359 - Loaded plugin thirdparty (category:base,tabindex:-1)
2025-06-20 09:56:39,308 [INFO] IntegrityCheckThread:86 - entering critical section [integrity check]
2025-06-20 09:56:39,308 [INFO] PluginManage:310 - Check plugin tools
2025-06-20 09:56:39,308 [INFO] ThirdPartyUpdaterWithRetryManager:70 - Updater plugin not ready yet. [1/15]
2025-06-20 09:56:39,349 [INFO] PluginManage:359 - Loaded plugin tools (category:base,tabindex:7)
2025-06-20 09:56:39,349 [INFO] PluginManage:310 - Check plugin tutovideos
2025-06-20 09:56:39,534 [INFO] PluginManage:359 - Loaded plugin tutovideos (category:base,tabindex:-1)
2025-06-20 09:56:39,534 [INFO] PluginManage:310 - Check plugin updater
2025-06-20 09:56:39,559 [INFO] PluginManage:359 - Loaded plugin updater (category:base,tabindex:12)
2025-06-20 09:56:39,560 [INFO] PluginManage:310 - Check plugin userauth
2025-06-20 09:56:39,565 [INFO] UserAuth:118 - Init User Auth plugin
2025-06-20 09:56:39,566 [INFO] PluginManage:359 - Loaded plugin userauth (category:base,tabindex:14)
2025-06-20 09:56:39,567 [INFO] PluginManage:283 - PluginManage : Loaded plugins [18]
2025-06-20 09:56:39,792 [INFO] PinOutPanel:1589 - setPackage(No Configuration,No Configuration)
2025-06-20 09:56:39,887 [INFO] CADModel:165 - CPN selected for project level
2025-06-20 09:56:39,888 [INFO] CADModel:114 - Register for checkConnection events
2025-06-20 09:56:39,927 [INFO] IPUIPlugin:80 - create IPUIPlugin
2025-06-20 09:56:39,927 [INFO] PluginManager:220 - loadIPPluginJar : add adc
2025-06-20 09:56:39,971 [INFO] IPUIPlugin:80 - create IPUIPlugin
2025-06-20 09:56:39,971 [INFO] PluginManager:220 - loadIPPluginJar : add aes
2025-06-20 09:56:40,020 [INFO] IPUIPlugin:80 - create IPUIPlugin
2025-06-20 09:56:40,020 [INFO] PluginManager:220 - loadIPPluginJar : add can
2025-06-20 09:56:40,055 [INFO] IPUIPlugin:80 - create IPUIPlugin
2025-06-20 09:56:40,055 [INFO] PluginManager:220 - loadIPPluginJar : add comp
2025-06-20 09:56:40,093 [INFO] IPUIPlugin:80 - create IPUIPlugin
2025-06-20 09:56:40,093 [INFO] PluginManager:220 - loadIPPluginJar : add cryp
2025-06-20 09:56:40,106 [INFO] IPUIPlugin:80 - create IPUIPlugin
2025-06-20 09:56:40,106 [INFO] PluginManager:220 - loadIPPluginJar : add ddr_ctrl_phy
2025-06-20 09:56:40,138 [INFO] IPUIPlugin:80 - create IPUIPlugin
2025-06-20 09:56:40,138 [INFO] PluginManager:220 - loadIPPluginJar : add dfsdm
2025-06-20 09:56:40,154 [INFO] IPUIPlugin:80 - create IPUIPlugin
2025-06-20 09:56:40,154 [INFO] PluginManager:220 - loadIPPluginJar : add dma
2025-06-20 09:56:40,190 [INFO] IPUIPlugin:80 - create IPUIPlugin
2025-06-20 09:56:40,190 [INFO] PluginManager:220 - loadIPPluginJar : add dma3
2025-06-20 09:56:40,227 [INFO] IPUIPlugin:80 - create IPUIPlugin
2025-06-20 09:56:40,227 [INFO] PluginManager:220 - loadIPPluginJar : add extmemmanager
2025-06-20 09:56:40,246 [INFO] IPUIPlugin:80 - create IPUIPlugin
2025-06-20 09:56:40,246 [INFO] PluginManager:220 - loadIPPluginJar : add fatfs
2025-06-20 09:56:40,284 [INFO] IPUIPlugin:80 - create IPUIPlugin
2025-06-20 09:56:40,284 [INFO] PluginManager:220 - loadIPPluginJar : add fmc
2025-06-20 09:56:40,299 [INFO] IPUIPlugin:80 - create IPUIPlugin
2025-06-20 09:56:40,299 [INFO] PluginManager:220 - loadIPPluginJar : add freertos
2025-06-20 09:56:40,316 [INFO] IPUIPlugin:80 - create IPUIPlugin
2025-06-20 09:56:40,316 [INFO] PluginManager:220 - loadIPPluginJar : add genericplugin
2025-06-20 09:56:40,384 [INFO] IPUIPlugin:80 - create IPUIPlugin
2025-06-20 09:56:40,384 [INFO] PluginManager:220 - loadIPPluginJar : add gfxmmu
2025-06-20 09:56:40,481 [INFO] IPUIPlugin:80 - create IPUIPlugin
2025-06-20 09:56:40,481 [INFO] PluginManager:220 - loadIPPluginJar : add gic
2025-06-20 09:56:40,493 [INFO] IPUIPlugin:80 - create IPUIPlugin
2025-06-20 09:56:40,493 [INFO] PluginManager:220 - loadIPPluginJar : add gpio
2025-06-20 09:56:40,558 [INFO] IPUIPlugin:80 - create IPUIPlugin
2025-06-20 09:56:40,558 [INFO] PluginManager:220 - loadIPPluginJar : add gtzc
2025-06-20 09:56:40,587 [INFO] IPUIPlugin:80 - create IPUIPlugin
2025-06-20 09:56:40,587 [INFO] PluginManager:220 - loadIPPluginJar : add hash
2025-06-20 09:56:40,629 [INFO] IPUIPlugin:80 - create IPUIPlugin
2025-06-20 09:56:40,629 [INFO] PluginManager:220 - loadIPPluginJar : add i2c
2025-06-20 09:56:40,659 [INFO] IPUIPlugin:80 - create IPUIPlugin
2025-06-20 09:56:40,660 [INFO] PluginManager:220 - loadIPPluginJar : add i2s
2025-06-20 09:56:40,690 [INFO] IPUIPlugin:80 - create IPUIPlugin
2025-06-20 09:56:40,691 [INFO] PluginManager:220 - loadIPPluginJar : add i3c
2025-06-20 09:56:40,767 [INFO] IPUIPlugin:80 - create IPUIPlugin
2025-06-20 09:56:40,767 [INFO] PluginManager:220 - loadIPPluginJar : add ipddr
2025-06-20 09:56:40,836 [INFO] IPUIPlugin:80 - create IPUIPlugin
2025-06-20 09:56:40,836 [INFO] PluginManager:220 - loadIPPluginJar : add linkedlist
2025-06-20 09:56:40,865 [INFO] IPUIPlugin:80 - create IPUIPlugin
2025-06-20 09:56:40,866 [INFO] PluginManager:220 - loadIPPluginJar : add lorawan
2025-06-20 09:56:40,893 [INFO] IPUIPlugin:80 - create IPUIPlugin
2025-06-20 09:56:40,894 [INFO] PluginManager:220 - loadIPPluginJar : add ltdc
2025-06-20 09:56:40,906 [INFO] IPUIPlugin:80 - create IPUIPlugin
2025-06-20 09:56:40,906 [INFO] PluginManager:220 - loadIPPluginJar : add mdma
2025-06-20 09:56:40,918 [INFO] IPUIPlugin:80 - create IPUIPlugin
2025-06-20 09:56:40,918 [INFO] PluginManager:220 - loadIPPluginJar : add nvic
2025-06-20 09:56:40,946 [INFO] IPUIPlugin:80 - create IPUIPlugin
2025-06-20 09:56:40,947 [INFO] PluginManager:220 - loadIPPluginJar : add opamp
2025-06-20 09:56:40,992 [INFO] IPUIPlugin:80 - create IPUIPlugin
2025-06-20 09:56:40,992 [INFO] PluginManager:220 - loadIPPluginJar : add openamp
2025-06-20 09:56:41,023 [INFO] IPUIPlugin:80 - create IPUIPlugin
2025-06-20 09:56:41,023 [INFO] PluginManager:220 - loadIPPluginJar : add pdm2pcm
2025-06-20 09:56:41,035 [INFO] IPUIPlugin:80 - create IPUIPlugin
2025-06-20 09:56:41,037 [INFO] PluginManager:220 - loadIPPluginJar : add plateformsettings
2025-06-20 09:56:41,056 [INFO] IPUIPlugin:80 - create IPUIPlugin
2025-06-20 09:56:41,056 [INFO] PluginManager:220 - loadIPPluginJar : add quadspi
2025-06-20 09:56:41,077 [INFO] IPUIPlugin:80 - create IPUIPlugin
2025-06-20 09:56:41,077 [INFO] PluginManager:220 - loadIPPluginJar : add radio
2025-06-20 09:56:41,090 [INFO] IPUIPlugin:80 - create IPUIPlugin
2025-06-20 09:56:41,090 [INFO] PluginManager:220 - loadIPPluginJar : add resmgrutility
2025-06-20 09:56:41,130 [INFO] IPUIPlugin:80 - create IPUIPlugin
2025-06-20 09:56:41,130 [INFO] PluginManager:220 - loadIPPluginJar : add sai
2025-06-20 09:56:41,160 [INFO] IPUIPlugin:80 - create IPUIPlugin
2025-06-20 09:56:41,160 [INFO] PluginManager:220 - loadIPPluginJar : add spi
2025-06-20 09:56:41,208 [INFO] IPUIPlugin:80 - create IPUIPlugin
2025-06-20 09:56:41,208 [INFO] PluginManager:220 - loadIPPluginJar : add stm32_wpan
2025-06-20 09:56:41,228 [INFO] IPUIPlugin:80 - create IPUIPlugin
2025-06-20 09:56:41,228 [INFO] PluginManager:220 - loadIPPluginJar : add tim
2025-06-20 09:56:41,271 [INFO] IPUIPlugin:80 - create IPUIPlugin
2025-06-20 09:56:41,271 [INFO] PluginManager:220 - loadIPPluginJar : add touchsensing
2025-06-20 09:56:41,289 [INFO] IPUIPlugin:80 - create IPUIPlugin
2025-06-20 09:56:41,289 [INFO] PluginManager:220 - loadIPPluginJar : add tracer_emb
2025-06-20 09:56:41,315 [INFO] IPUIPlugin:80 - create IPUIPlugin
2025-06-20 09:56:41,315 [INFO] PluginManager:220 - loadIPPluginJar : add ts
2025-06-20 09:56:41,338 [INFO] IPUIPlugin:80 - create IPUIPlugin
2025-06-20 09:56:41,339 [INFO] PluginManager:220 - loadIPPluginJar : add tsc
2025-06-20 09:56:41,358 [INFO] IPUIPlugin:80 - create IPUIPlugin
2025-06-20 09:56:41,358 [INFO] PluginManager:220 - loadIPPluginJar : add ucpd
2025-06-20 09:56:41,391 [INFO] IPUIPlugin:80 - create IPUIPlugin
2025-06-20 09:56:41,391 [INFO] PluginManager:220 - loadIPPluginJar : add usart
2025-06-20 09:56:41,428 [INFO] IPUIPlugin:80 - create IPUIPlugin
2025-06-20 09:56:41,428 [INFO] PluginManager:220 - loadIPPluginJar : add usbx
2025-06-20 09:56:41,537 [FATAL] Updater:351 - Updater called before beeing initialized
2025-06-20 09:56:41,552 [INFO] RulesReader:64 - Compatibility file has been processed (297 Rules)
2025-06-20 09:56:41,560 [INFO] RulesReader:64 - Compatibility file has been processed (297 Rules)
2025-06-20 09:56:41,570 [INFO] CADModel:165 - CPN selected for project level
2025-06-20 09:56:41,570 [INFO] CADModel:114 - Register for checkConnection events
2025-06-20 09:56:41,570 [FATAL] Updater:351 - Updater called before beeing initialized
2025-06-20 09:56:41,570 [ERROR] CADModel:125 - Updater not yet initialized, retry later 
2025-06-20 09:56:41,724 [FATAL] Updater:351 - Updater called before beeing initialized
2025-06-20 09:56:41,727 [INFO] CADModel:165 - CPN selected for project level
2025-06-20 09:56:41,727 [INFO] CADModel:114 - Register for checkConnection events
2025-06-20 09:56:41,727 [FATAL] Updater:351 - Updater called before beeing initialized
2025-06-20 09:56:41,727 [ERROR] CADModel:125 - Updater not yet initialized, retry later 
2025-06-20 09:56:41,730 [FATAL] Updater:351 - Updater called before beeing initialized
2025-06-20 09:56:41,812 [FATAL] Updater:351 - Updater called before beeing initialized
2025-06-20 09:56:41,816 [INFO] DbMcusAds:53 - JSON generation date=Wed May 07 16:07:55 ICT 2025 (1746608875484)
2025-06-20 09:56:41,816 [FATAL] Updater:351 - Updater called before beeing initialized
2025-06-20 09:56:41,884 [WARN] DetailPanel:346 - Failed to get advertising image, set to default
2025-06-20 09:56:42,030 [FATAL] Updater:351 - Updater called before beeing initialized
2025-06-20 09:56:42,033 [FATAL] Updater:351 - Updater called before beeing initialized
2025-06-20 09:56:42,033 [FATAL] Updater:351 - Updater called before beeing initialized
2025-06-20 09:56:42,033 [WARN] DetailPanel:346 - Failed to get advertising image, set to default
2025-06-20 09:56:42,034 [FATAL] Updater:351 - Updater called before beeing initialized
2025-06-20 09:56:42,079 [ERROR] Updater:1198 - MainUpdater not yet initialized. External WinMGr cannot be set.
2025-06-20 09:56:42,087 [INFO] Updater:1134 - Updater Version found : 6.13.0
2025-06-20 09:56:42,102 [INFO] ApplicationProperties:184 - Using Application install path: D:\STM32CubeIDE_1.17.0\STM32CubeIDE\plugins\com.st.stm32cube.common.mx_6.13.0.202411220809
2025-06-20 09:56:42,309 [INFO] ThirdPartyUpdaterWithRetryManager:70 - Updater plugin not ready yet. [2/15]
2025-06-20 09:56:43,670 [ERROR] LogOutputStream:75 - [STDERR_REDIRECT] Jun 20, 2025 9:56:43 AM java.util.prefs.WindowsPreferences <init>
2025-06-20 09:56:43,671 [ERROR] LogOutputStream:75 - [STDERR_REDIRECT] WARNING: Could not open/create prefs root node Software\JavaSoft\Prefs at root 0xffffffff80000002. Windows RegCreateKeyEx(...) returned error code 5.
2025-06-20 09:56:43,671 [ERROR] LogOutputStream:75 - [STDERR_REDIRECT] 
2025-06-20 09:56:44,017 [INFO] MainUpdater:2872 - connection check result : 10
2025-06-20 09:56:44,017 [INFO] MainUpdater:289 - Updater Check For Update Now.
2025-06-20 09:56:44,017 [INFO] MicroXplorer:498 - Change Database Version : DB.6.0.130
2025-06-20 09:56:44,034 [INFO] McuFinderGlobals:63 - Set McuFinder mode to 2 (CubeIDE integrated)
2025-06-20 09:56:44,035 [INFO] UserAuth:486 - Internet connection configuration mode: 1
2025-06-20 09:56:44,070 [INFO] JxBrowserEngine:152 - Initiate JxBrowser Engine with user profile folder
2025-06-20 09:56:44,196 [INFO] CheckServerUpdateThread:120 - End of CheckServer Thread
2025-06-20 09:56:45,367 [INFO] WebApp:168 - Instantiating new browser for Auth
2025-06-20 09:56:45,794 [WARN] PackLoader:240 - Cannot read IP mode file for STMicroelectronics.FP-SNS-MOTENVWB1.1.4.0
2025-06-20 09:56:45,804 [WARN] PackLoader:240 - Cannot read IP mode file for STMicroelectronics.FP-ATR-ASTRA1.2.0.2
2025-06-20 09:56:45,808 [WARN] PackLoader:240 - Cannot read IP mode file for STMicroelectronics.FP-ATR-ASTRA1.2.0.1
2025-06-20 09:56:45,820 [WARN] PackLoader:240 - Cannot read IP mode file for STMicroelectronics.X-CUBE-SMBUS.2.1.0
2025-06-20 09:56:45,836 [WARN] PackLoader:240 - Cannot read IP mode file for STMicroelectronics.X-CUBE-WB05N.1.1.0
2025-06-20 09:56:45,848 [WARN] PackLoader:240 - Cannot read IP mode file for STMicroelectronics.X-CUBE-ST60.1.0.0
2025-06-20 09:56:45,901 [WARN] PackLoader:240 - Cannot read IP mode file for STMicroelectronics.X-CUBE-AZRTOS-F7.1.1.0
2025-06-20 09:56:45,908 [WARN] PackLoader:240 - Cannot read IP mode file for STMicroelectronics.FP-SNS-FLIGHT1.5.0.2
2025-06-20 09:56:45,928 [WARN] PackLoader:240 - Cannot read IP mode file for Infineon.AIROC-Wi-Fi-Bluetooth-STM32.1.7.0
2025-06-20 09:56:45,938 [WARN] PackLoader:240 - Cannot read IP mode file for STMicroelectronics.X-CUBE-DISPLAY.3.0.0
2025-06-20 09:56:45,946 [WARN] PackLoader:240 - Cannot read IP mode file for STMicroelectronics.X-CUBE-BLE1.7.0.0
2025-06-20 09:56:45,952 [WARN] PackLoader:240 - Cannot read IP mode file for STMicroelectronics.X-CUBE-NFC10.1.0.0
2025-06-20 09:56:45,957 [WARN] PackLoader:240 - Cannot read IP mode file for STMicroelectronics.X-CUBE-AI.10.0.0
2025-06-20 09:56:45,961 [WARN] PackLoader:240 - Cannot read IP mode file for STMicroelectronics.FP-SNS-SMARTAG2.1.2.0
2025-06-20 09:56:45,964 [WARN] PackLoader:240 - Cannot read IP mode file for STMicroelectronics.FP-SNS-FLIGHT1.5.1.0
2025-06-20 09:56:45,998 [WARN] PackLoader:240 - Cannot read IP mode file for STMicroelectronics.X-CUBE-MEMS1.11.1.0
2025-06-20 09:56:46,179 [INFO] LogOutputStream:77 - [STDOUT_REDIRECT] 1 : Invalid condition id : UX_CORESTACK_Condition cause : null
2025-06-20 09:56:46,180 [INFO] LogOutputStream:77 - [STDOUT_REDIRECT] 1 : Invalid condition id : UX_CORESTACK_Condition cause : null
2025-06-20 09:56:46,181 [INFO] LogOutputStream:77 - [STDOUT_REDIRECT] 1 : Invalid condition id : UX_CORESTACK_Condition cause : null
2025-06-20 09:56:46,182 [INFO] LogOutputStream:77 - [STDOUT_REDIRECT] 1 : Invalid condition id : UX_CORESTACK_Condition cause : null
2025-06-20 09:56:46,184 [INFO] LogOutputStream:77 - [STDOUT_REDIRECT] 1 : Invalid condition id : UX_CORESTACK_Condition cause : null
2025-06-20 09:56:46,188 [WARN] PackLoader:240 - Cannot read IP mode file for STMicroelectronics.X-CUBE-AZRTOS-WL.2.0.0
2025-06-20 09:56:46,199 [WARN] PackLoader:240 - Cannot read IP mode file for STMicroelectronics.FP-SNS-MOTENV1.5.0.0
2025-06-20 09:56:46,207 [WARN] PackLoader:240 - Cannot read IP mode file for wolfSSL.I-CUBE-wolfMQTT.1.19.0
2025-06-20 09:56:46,215 [WARN] PackLoader:240 - Cannot read IP mode file for WES.I-CUBE-Cesium.1.3.0
2025-06-20 09:56:46,221 [WARN] PackLoader:240 - Cannot read IP mode file for STMicroelectronics.X-CUBE-BLE2.3.3.0
2025-06-20 09:56:46,226 [WARN] PackLoader:240 - Cannot read IP mode file for STMicroelectronics.X-CUBE-NFC9.1.0.0
2025-06-20 09:56:46,234 [WARN] PackLoader:240 - Cannot read IP mode file for STMicroelectronics.X-CUBE-BLE1.7.1.0
2025-06-20 09:56:46,240 [WARN] PackLoader:240 - Cannot read IP mode file for STMicroelectronics.X-CUBE-AI.10.1.0
2025-06-20 09:56:46,277 [WARN] PackLoader:240 - Cannot read IP mode file for STMicroelectronics.X-CUBE-MEMS1.11.2.0
2025-06-20 09:56:46,367 [WARN] PackLoader:240 - Cannot read IP mode file for STMicroelectronics.X-CUBE-AZRTOS-G0.1.1.0
2025-06-20 09:56:46,377 [WARN] PackLoader:240 - Cannot read IP mode file for STMicroelectronics.X-CUBE-SAFEA1.1.2.2
2025-06-20 09:56:46,384 [WARN] PackLoader:240 - Cannot read IP mode file for STMicroelectronics.X-CUBE-NFC4.3.0.0
2025-06-20 09:56:46,393 [WARN] PackLoader:240 - Cannot read IP mode file for EmbeddedOffice.I-CUBE-FS-RTOS.1.0.1
2025-06-20 09:56:46,405 [WARN] PackLoader:240 - Cannot read IP mode file for STMicroelectronics.X-CUBE-WB05N.2.0.0
2025-06-20 09:56:46,410 [WARN] PackLoader:240 - Cannot read IP mode file for RealThread.X-CUBE-RT-Thread_Nano.4.1.1
2025-06-20 09:56:46,414 [WARN] PackLoader:240 - Cannot read IP mode file for STMicroelectronics.FP-ATR-SIGFOX1.3.2.0
2025-06-20 09:56:46,419 [WARN] ConditionMgr:438 - getConditionDescription Invalid condition id : Cortex-A Device cause : null
2025-06-20 09:56:46,433 [WARN] ConditionMgr:1044 - genDependencies : Invalid condition id : Cortex-A Device cause : null
2025-06-20 09:56:46,433 [WARN] ConditionMgr:1044 - genDependencies : Invalid condition id : Cortex-A Device cause : null
2025-06-20 09:56:46,433 [WARN] ConditionMgr:1044 - genDependencies : Invalid condition id : Cortex-A Device cause : null
2025-06-20 09:56:46,439 [WARN] PackLoader:240 - Cannot read IP mode file for STMicroelectronics.X-CUBE-EEPRMA1.5.1.0
2025-06-20 09:56:46,451 [WARN] PackLoader:240 - Cannot read IP mode file for STMicroelectronics.X-CUBE-ST67W61.1.0.0
2025-06-20 09:56:46,469 [WARN] PackLoader:240 - Cannot read IP mode file for SEGGER.I-CUBE-embOS.1.3.1
2025-06-20 09:56:46,492 [WARN] PackLoader:240 - Cannot read IP mode file for STMicroelectronics.X-CUBE-ALGOBUILD.1.4.0
2025-06-20 09:56:46,514 [WARN] PackLoader:240 - Cannot read IP mode file for STMicroelectronics.X-CUBE-MEMS1.11.3.0
2025-06-20 09:56:46,616 [WARN] PackLoader:240 - Cannot read IP mode file for STMicroelectronics.X-CUBE-PM33A1.1.0.0
2025-06-20 09:56:46,672 [WARN] PackLoader:240 - Cannot read IP mode file for STMicroelectronics.X-CUBE-AZRTOS-F4.1.1.0
2025-06-20 09:56:46,686 [WARN] PackLoader:240 - Cannot read IP mode file for Avnet-IotConnect.X-CUBE-IoTC-DA16k-PMOD.1.0.0
2025-06-20 09:56:46,692 [WARN] PackLoader:240 - Cannot read IP mode file for STMicroelectronics.X-CUBE-ISPU.2.1.0
2025-06-20 09:56:46,711 [WARN] PackLoader:240 - Cannot read IP mode file for STMicroelectronics.X-CUBE-AZRTOS-L5.2.0.0
2025-06-20 09:56:46,729 [WARN] PackLoader:240 - Cannot read IP mode file for STMicroelectronics.X-CUBE-NFC6.3.1.0
2025-06-20 09:56:46,741 [WARN] PackLoader:240 - Cannot read IP mode file for STMicroelectronics.X-CUBE-DPower.1.2.0
2025-06-20 09:56:46,753 [WARN] PackLoader:240 - Cannot read IP mode file for STMicroelectronics.X-CUBE-FREERTOS.1.3.1
2025-06-20 09:56:46,770 [WARN] PackLoader:240 - Cannot read IP mode file for STMicroelectronics.X-CUBE-FREERTOS.1.3.0
2025-06-20 09:56:46,783 [WARN] PackLoader:240 - Cannot read IP mode file for STMicroelectronics.X-CUBE-NFC7.1.0.1
2025-06-20 09:56:46,794 [WARN] PackLoader:240 - Cannot read IP mode file for STMicroelectronics.X-CUBE-DPower.1.3.0
2025-06-20 09:56:46,868 [WARN] ConditionMgr:438 - getConditionDescription Invalid condition id : LAN8742 Phy interface Condition cause : null
2025-06-20 09:56:46,871 [WARN] PackLoader:240 - Cannot read IP mode file for STMicroelectronics.X-CUBE-AZRTOS-L4.2.0.0
2025-06-20 09:56:46,875 [WARN] ConditionMgr:1044 - genDependencies : Invalid condition id : LAN8742 Phy interface Condition cause : null
2025-06-20 09:56:46,875 [WARN] ConditionMgr:1044 - genDependencies : Invalid condition id : LAN8742 Phy interface Condition cause : null
2025-06-20 09:56:46,879 [WARN] ConditionMgr:1044 - genDependencies : Invalid condition id : LAN8742 Phy interface Condition cause : null
2025-06-20 09:56:46,910 [WARN] PackLoader:240 - Cannot read IP mode file for STMicroelectronics.X-CUBE-SFXS2LP1.4.0.0
2025-06-20 09:56:46,970 [WARN] PackLoader:240 - Cannot read IP mode file for STMicroelectronics.X-CUBE-AZRTOS-H7.3.3.0
2025-06-20 09:56:47,012 [WARN] ConditionMgr:438 - getConditionDescription Invalid condition id : UX DEVICE CLASS RTOS Condition cause : null
2025-06-20 09:56:47,013 [WARN] ConditionMgr:438 - getConditionDescription Invalid condition id : UX DEVICE CLASS RTOS Condition cause : null
2025-06-20 09:56:47,019 [WARN] PackLoader:240 - Cannot read IP mode file for STMicroelectronics.X-CUBE-AZRTOS-WB.2.0.0
2025-06-20 09:56:47,022 [WARN] ConditionMgr:1044 - genDependencies : Invalid condition id : UX DEVICE CLASS RTOS Condition cause : null
2025-06-20 09:56:47,023 [WARN] ConditionMgr:1044 - genDependencies : Invalid condition id : UX DEVICE CLASS RTOS Condition cause : null
2025-06-20 09:56:47,024 [WARN] ConditionMgr:1044 - genDependencies : Invalid condition id : UX DEVICE CLASS RTOS Condition cause : null
2025-06-20 09:56:47,025 [WARN] ConditionMgr:1044 - genDependencies : Invalid condition id : UX DEVICE CLASS RTOS Condition cause : null
2025-06-20 09:56:47,025 [WARN] ConditionMgr:1044 - genDependencies : Invalid condition id : UX DEVICE CLASS RTOS Condition cause : null
2025-06-20 09:56:47,051 [WARN] PackLoader:240 - Cannot read IP mode file for STMicroelectronics.X-CUBE-TOUCHGFX.4.25.0
2025-06-20 09:56:47,052 [INFO] WebApp:449 - Apply proxy settings
2025-06-20 09:56:47,053 [INFO] WebApp:534 - Chromium requires no authentication
2025-06-20 09:56:47,065 [WARN] PackLoader:240 - Cannot read IP mode file for STMicroelectronics.FP-SNS-STBOX1.2.0.0
2025-06-20 09:56:47,088 [WARN] PackLoader:240 - Cannot read IP mode file for STMicroelectronics.X-CUBE-SUBG2.5.0.0
2025-06-20 09:56:47,097 [INFO] WebApp:477 - Direct internet connection detected
2025-06-20 09:56:47,112 [WARN] PackLoader:240 - Cannot read IP mode file for STMicroelectronics.X-CUBE-AZRTOS-H7RS.1.1.0
2025-06-20 09:56:47,122 [WARN] PackLoader:240 - Cannot read IP mode file for Cesanta.I-CUBE-Mongoose.7.13.0
2025-06-20 09:56:47,136 [WARN] PackLoader:240 - Cannot read IP mode file for STMicroelectronics.X-CUBE-AZRTOS-G4.2.0.0
2025-06-20 09:56:47,145 [WARN] PackLoader:240 - Cannot read IP mode file for STMicroelectronics.X-CUBE-NFC7.2.0.0
2025-06-20 09:56:47,155 [WARN] PackLoader:240 - Cannot read IP mode file for STMicroelectronics.X-CUBE-ALS.1.0.2
2025-06-20 09:56:47,161 [WARN] PackLoader:240 - Cannot read IP mode file for STMicroelectronics.X-CUBE-TOUCHGFX.4.24.2
2025-06-20 09:56:47,174 [WARN] PackLoader:240 - Cannot read IP mode file for portGmbH.I-Cube-SoM-uGOAL.1.1.0
2025-06-20 09:56:47,180 [INFO] WebApp:880 - Register for checkConnection events
2025-06-20 09:56:47,180 [INFO] WebApp:449 - Apply proxy settings
2025-06-20 09:56:47,181 [INFO] WebApp:534 - Chromium requires no authentication
2025-06-20 09:56:47,181 [INFO] WebApp:477 - Direct internet connection detected
2025-06-20 09:56:47,189 [WARN] PackLoader:240 - Cannot read IP mode file for STMicroelectronics.X-CUBE-AZRTOS-H7RS.1.0.0
2025-06-20 09:56:47,205 [WARN] PackLoader:240 - Cannot read IP mode file for STMicroelectronics.X-CUBE-TOF1.3.4.2
2025-06-20 09:56:47,232 [WARN] PackLoader:240 - Cannot read IP mode file for STMicroelectronics.X-CUBE-TOF1.3.4.3
2025-06-20 09:56:47,243 [WARN] PackLoader:240 - Cannot read IP mode file for wolfSSL.I-CUBE-wolfSSH.1.4.17
2025-06-20 09:56:47,244 [INFO] ThirdParty:978 - Integrity check success = true
2025-06-20 09:56:47,244 [INFO] IntegrityCheckThread:100 - exiting critical section [integrity check]
2025-06-20 09:56:47,244 [INFO] IntegrityCheckThread:103 - End integrity checks thread
2025-06-20 09:56:47,566 [INFO] WebApp:221 - Starting web application
2025-06-20 09:56:47,566 [INFO] WebApp:579 - Web application path used D:\STM32CubeIDE_1.17.0\STM32CubeIDE\plugins\com.st.stm32cube.common.mx_6.13.0.202411220809\db\plugins\mcufinder\reactClient1\index.html
2025-06-20 09:56:47,803 [INFO] UserAuth:486 - Internet connection configuration mode: 1
2025-06-20 09:56:47,838 [INFO] WebApp:187 - Connection restablished
2025-06-20 09:59:05,908 [INFO] WebApp:190 - Connection lost
2025-06-20 09:59:06,418 [INFO] WebApp:187 - Connection restablished
2025-06-20 09:59:07,969 [INFO] WebApp:190 - Connection lost
2025-06-20 09:59:08,100 [INFO] WebApp:187 - Connection restablished
2025-06-20 10:57:32,283 [ERROR] LogOutputStream:75 - [STDERR_REDIRECT] 
